Using pre-set license
Built from '2021.3/release' branch; Version is '2021.3.27f1 (ca3ffb99bcc6) revision 13254651'; Using compiler version '192829333'; Build Type 'Release'
OS: 'Windows 10  (10.0.19045) 64bit Professional' Language: 'en' Physical Memory: 32473 MB
BatchMode: 1, IsHumanControllingUs: 0, StartBugReporterOnCrash: 0, Is64bit: 1, IsPro: 1

COMMAND LINE ARGUMENTS:
C:\Program Files\Unity\Hub\Editor\2021.3.27f1\Editor\Unity.exe
-adb2
-batchMode
-noUpm
-name
AssetImportWorker2
-projectPath
C:/Users/dgriffith/Documents/GitHub/AngryBirdsStyleGame
-logFile
Logs/AssetImportWorker2.log
-srvPort
56689
Successfully changed project path to: C:/Users/dgriffith/Documents/GitHub/AngryBirdsStyleGame
C:/Users/dgriffith/Documents/GitHub/AngryBirdsStyleGame
[UnityMemory] Configuration Parameters - Can be set up in boot.config
    "memorysetup-bucket-allocator-granularity=16"
    "memorysetup-bucket-allocator-bucket-count=8"
    "memorysetup-bucket-allocator-block-size=33554432"
    "memorysetup-bucket-allocator-block-count=8"
    "memorysetup-main-allocator-block-size=16777216"
    "memorysetup-thread-allocator-block-size=16777216"
    "memorysetup-gfx-main-allocator-block-size=16777216"
    "memorysetup-gfx-thread-allocator-block-size=16777216"
    "memorysetup-cache-allocator-block-size=4194304"
    "memorysetup-typetree-allocator-block-size=2097152"
    "memorysetup-profiler-bucket-allocator-granularity=16"
    "memorysetup-profiler-bucket-allocator-bucket-count=8"
    "memorysetup-profiler-bucket-allocator-block-size=33554432"
    "memorysetup-profiler-bucket-allocator-block-count=8"
    "memorysetup-profiler-allocator-block-size=16777216"
    "memorysetup-profiler-editor-allocator-block-size=1048576"
    "memorysetup-temp-allocator-size-main=16777216"
    "memorysetup-job-temp-allocator-block-size=2097152"
    "memorysetup-job-temp-allocator-block-size-background=1048576"
    "memorysetup-job-temp-allocator-reduction-small-platforms=262144"
    "memorysetup-temp-allocator-size-background-worker=32768"
    "memorysetup-temp-allocator-size-job-worker=262144"
    "memorysetup-temp-allocator-size-preload-manager=33554432"
    "memorysetup-temp-allocator-size-nav-mesh-worker=65536"
    "memorysetup-temp-allocator-size-audio-worker=65536"
    "memorysetup-temp-allocator-size-cloud-worker=32768"
    "memorysetup-temp-allocator-size-gi-baking-worker=262144"
    "memorysetup-temp-allocator-size-gfx=262144"
Player connection [82788] Host "[IP] 192.168.222.1 [Port] 0 [Flags] 2 [Guid] 564851880 [EditorId] 564851880 [Version] 1048832 [Id] WindowsEditor(7,Cornputer) [Debug] 1 [PackageName] WindowsEditor [ProjectName] Editor" joined multi-casting on [225.0.0.222:54997]...

Player connection [82788] Host "[IP] 192.168.222.1 [Port] 0 [Flags] 2 [Guid] 564851880 [EditorId] 564851880 [Version] 1048832 [Id] WindowsEditor(7,Cornputer) [Debug] 1 [PackageName] WindowsEditor [ProjectName] Editor" joined alternative multi-casting on [225.0.0.222:34997]...

Refreshing native plugins compatible for Editor in 81.93 ms, found 2 plugins.
Preloading 0 native plugins for Editor in 0.00 ms.
Initialize engine version: 2021.3.27f1 (ca3ffb99bcc6)
[Subsystems] Discovering subsystems at path C:/Program Files/Unity/Hub/Editor/2021.3.27f1/Editor/Data/Resources/UnitySubsystems
[Subsystems] Discovering subsystems at path C:/Users/dgriffith/Documents/GitHub/AngryBirdsStyleGame/Assets
GfxDevice: creating device client; threaded=0; jobified=0
Direct3D:
    Version:  Direct3D 11.0 [level 11.1]
    Renderer: NVIDIA GeForce RTX 3070 Ti Laptop GPU (ID=0x24a0)
    Vendor:   NVIDIA
    VRAM:     8032 MB
    Driver:   31.0.15.3892
Shader 'TextMeshPro/Distance Field': fallback shader 'TextMeshPro/Mobile/Distance Field' not found
Shader 'TextMeshPro/Distance Field SSD': fallback shader 'TextMeshPro/Mobile/Distance Field' not found
Shader 'TextMeshPro/Distance Field Overlay': fallback shader 'TextMeshPro/Mobile/Distance Field' not found
Initialize mono
Mono path[0] = 'C:/Program Files/Unity/Hub/Editor/2021.3.27f1/Editor/Data/Managed'
Mono path[1] = 'C:/Program Files/Unity/Hub/Editor/2021.3.27f1/Editor/Data/MonoBleedingEdge/lib/mono/unityjit-win32'
Mono config path = 'C:/Program Files/Unity/Hub/Editor/2021.3.27f1/Editor/Data/MonoBleedingEdge/etc'
Using monoOptions --debugger-agent=transport=dt_socket,embedding=1,server=y,suspend=n,address=127.0.0.1:56548
Begin MonoManager ReloadAssembly
Registering precompiled unity dll's ...
Register platform support module: C:/Program Files/Unity/Hub/Editor/2021.3.27f1/Editor/Data/PlaybackEngines/AndroidPlayer/UnityEditor.Android.Extensions.dll
Register platform support module: C:/Program Files/Unity/Hub/Editor/2021.3.27f1/Editor/Data/PlaybackEngines/WindowsStandaloneSupport/UnityEditor.WindowsStandalone.Extensions.dll
Register platform support module: C:/Program Files/Unity/Hub/Editor/2021.3.27f1/Editor/Data/PlaybackEngines/MetroSupport/UnityEditor.UWP.Extensions.dll
Registered in 0.020084 seconds.
Native extension for UWP target not found
Native extension for WindowsStandalone target not found
Native extension for Android target not found
Android Extension - Scanning For ADB Devices 977 ms
Refreshing native plugins compatible for Editor in 48.28 ms, found 2 plugins.
Preloading 0 native plugins for Editor in 0.00 ms.
Mono: successfully reloaded assembly
- Completed reload, in  2.140 seconds
Domain Reload Profiling:
	ReloadAssembly (2141ms)
		BeginReloadAssembly (175ms)
			ExecutionOrderSort (0ms)
			DisableScriptedObjects (0ms)
			BackupInstance (0ms)
			ReleaseScriptingObjects (0ms)
			CreateAndSetChildDomain (1ms)
		EndReloadAssembly (1796ms)
			LoadAssemblies (172ms)
			RebuildTransferFunctionScriptingTraits (0ms)
			SetupTypeCache (157ms)
			ReleaseScriptCaches (0ms)
			RebuildScriptCaches (59ms)
			SetupLoadedEditorAssemblies (1476ms)
				LogAssemblyErrors (0ms)
				InitializePlatformSupportModulesInManaged (1195ms)
				SetLoadedEditorAssemblies (0ms)
				RefreshPlugins (48ms)
				BeforeProcessingInitializeOnLoad (3ms)
				ProcessInitializeOnLoadAttributes (150ms)
				ProcessInitializeOnLoadMethodAttributes (80ms)
				AfterProcessingInitializeOnLoad (0ms)
				EditorAssembliesLoaded (0ms)
			ExecutionOrderSort2 (0ms)
			AwakeInstancesAfterBackupRestoration (0ms)
Platform modules already initialized, skipping
Registering precompiled user dll's ...
Registered in 0.009535 seconds.
Begin MonoManager ReloadAssembly
Symbol file LoadedFromMemory is not a mono symbol file
Native extension for UWP target not found
Native extension for WindowsStandalone target not found
Native extension for Android target not found
Refreshing native plugins compatible for Editor in 1.15 ms, found 2 plugins.
Preloading 0 native plugins for Editor in 0.00 ms.
Mono: successfully reloaded assembly
- Completed reload, in  1.846 seconds
Domain Reload Profiling:
	ReloadAssembly (1848ms)
		BeginReloadAssembly (235ms)
			ExecutionOrderSort (0ms)
			DisableScriptedObjects (7ms)
			BackupInstance (0ms)
			ReleaseScriptingObjects (0ms)
			CreateAndSetChildDomain (32ms)
		EndReloadAssembly (1428ms)
			LoadAssemblies (233ms)
			RebuildTransferFunctionScriptingTraits (0ms)
			SetupTypeCache (314ms)
			ReleaseScriptCaches (1ms)
			RebuildScriptCaches (76ms)
			SetupLoadedEditorAssemblies (737ms)
				LogAssemblyErrors (0ms)
				InitializePlatformSupportModulesInManaged (50ms)
				SetLoadedEditorAssemblies (1ms)
				RefreshPlugins (1ms)
				BeforeProcessingInitializeOnLoad (123ms)
				ProcessInitializeOnLoadAttributes (292ms)
				ProcessInitializeOnLoadMethodAttributes (248ms)
				AfterProcessingInitializeOnLoad (20ms)
				EditorAssembliesLoaded (0ms)
			ExecutionOrderSort2 (0ms)
			AwakeInstancesAfterBackupRestoration (15ms)
Platform modules already initialized, skipping
========================================================================
Worker process is ready to serve import requests
Launched and connected shader compiler UnityShaderCompiler.exe after 0.27 seconds
Refreshing native plugins compatible for Editor in 1.85 ms, found 2 plugins.
Preloading 0 native plugins for Editor in 0.00 ms.
Unloading 2344 Unused Serialized files (Serialized files now loaded: 0)
Unloading 52 unused Assets / (46.7 KB). Loaded Objects now: 2793.
Memory consumption went from 95.5 MB to 95.4 MB.
Total: 13.705800 ms (FindLiveObjects: 0.279500 ms CreateObjectMapping: 0.172900 ms MarkObjects: 13.030400 ms  DeleteObjects: 0.220900 ms)

AssetImportParameters requested are different than current active one (requested -> active):
  custom:video-decoder-ogg-theora: a1e56fd34408186e4bbccfd4996cb3dc -> 
  custom:container-muxer-webm: aa71ff27fc2769a1b78a27578f13a17b -> 
  custom:container-demuxer-webm: 4f35f7cbe854078d1ac9338744f61a02 -> 
  custom:video-encoder-webm-vp8: eb34c28f22e8b96e1ab97ce403110664 -> 
  custom:video-codec-MediaFoundation-h265: 746d11721c4dcdbdad8f713fa42b33f4 -> 
  custom:audio-encoder-webm-vorbis: bf7c407c2cedff20999df2af8eb42d56 -> 
  custom:framework-win-MediaFoundation: 216162199b28c13a410421893ffa2e32 -> 
  custom:container-demuxer-ogg: 62fdf1f143b41e24485cea50d1cbac27 -> 
  custom:video-decoder-webm-vp8: 9c59270c3fd7afecdb556c50c9e8de78 -> 
  custom:audio-decoder-ogg-vorbis: bf7c407c2cedff20999df2af8eb42d56 -> 
========================================================================
Received Import Request.
  Time since last request: 2350966.750599 seconds.
  path: Assets/Prefabs/yellowBird.prefab
  artifactKey: Guid(7cf8f7af7d6aeab459c8cfd7af10e44b) Importer(815301076,1909f56bfc062723c751e8b465ee728b)
Start importing Assets/Prefabs/yellowBird.prefab using Guid(7cf8f7af7d6aeab459c8cfd7af10e44b) Importer(815301076,1909f56bfc062723c751e8b465ee728b)  -> (artifact id: 'ceb96b71df14cf439abfb0b29b31e5c0') in 0.322484 seconds 
========================================================================
Received Import Request.
  Time since last request: 0.000062 seconds.
  path: Assets/Prefabs/forest-2_6.prefab
  artifactKey: Guid(41197247bbb24ed4bb5ecaacf6f654f0) Importer(815301076,1909f56bfc062723c751e8b465ee728b)
Start importing Assets/Prefabs/forest-2_6.prefab using Guid(41197247bbb24ed4bb5ecaacf6f654f0) Importer(815301076,1909f56bfc062723c751e8b465ee728b)  -> (artifact id: '4b88ca9c3aa00d95daf0fc4f43bbfd4d') in 0.044296 seconds 
========================================================================
Received Import Request.
  Time since last request: 0.000064 seconds.
  path: Assets/Prefabs/blueBird.prefab
  artifactKey: Guid(d1cfc6f1af3c2d94fa61a5c78d400544) Importer(815301076,1909f56bfc062723c751e8b465ee728b)
Start importing Assets/Prefabs/blueBird.prefab using Guid(d1cfc6f1af3c2d94fa61a5c78d400544) Importer(815301076,1909f56bfc062723c751e8b465ee728b)  -> (artifact id: 'cd1c5f8a93087f90b2971e1cf71360b5') in 0.065321 seconds 
========================================================================
Received Import Request.
  Time since last request: 448.014470 seconds.
  path: Assets/Scripts
  artifactKey: Guid(983272241ced93c419b7ef675c3ff49c) Importer(815301076,1909f56bfc062723c751e8b465ee728b)
Start importing Assets/Scripts using Guid(983272241ced93c419b7ef675c3ff49c) Importer(815301076,1909f56bfc062723c751e8b465ee728b)  -> (artifact id: '6c11f4d282c292e91977f01537024afa') in 0.015152 seconds 
========================================================================
Received Import Request.
  Time since last request: 6.432408 seconds.
  path: Assets/Scripts/Multitag.cs
  artifactKey: Guid(a6172762d98286a4f82221bc3935eaf3) Importer(815301076,1909f56bfc062723c751e8b465ee728b)
Start importing Assets/Scripts/Multitag.cs using Guid(a6172762d98286a4f82221bc3935eaf3) Importer(815301076,1909f56bfc062723c751e8b465ee728b)  -> (artifact id: 'd7e1440b036494419817949a0697a25a') in 0.036522 seconds 
========================================================================
Received Import Request.
  Time since last request: 48.491530 seconds.
  path: Assets/Scripts/Multitag.cs
  artifactKey: Guid(a6172762d98286a4f82221bc3935eaf3) Importer(815301076,1909f56bfc062723c751e8b465ee728b)
Start importing Assets/Scripts/Multitag.cs using Guid(a6172762d98286a4f82221bc3935eaf3) Importer(815301076,1909f56bfc062723c751e8b465ee728b)  -> (artifact id: '3bf18526d1791a1458513a96f4e5cf77') in 0.003576 seconds 
========================================================================
Received Import Request.
  Time since last request: 75.554041 seconds.
  path: Assets/Scripts/Multitag.cs
  artifactKey: Guid(a6172762d98286a4f82221bc3935eaf3) Importer(815301076,1909f56bfc062723c751e8b465ee728b)
Start importing Assets/Scripts/Multitag.cs using Guid(a6172762d98286a4f82221bc3935eaf3) Importer(815301076,1909f56bfc062723c751e8b465ee728b)  -> (artifact id: '8130008ee280350d30446485624a5128') in 0.003818 seconds 
========================================================================
Received Prepare
Registering precompiled user dll's ...
Registered in 0.007679 seconds.
Begin MonoManager ReloadAssembly
Symbol file LoadedFromMemory is not a mono symbol file
Native extension for UWP target not found
Native extension for WindowsStandalone target not found
Native extension for Android target not found
Refreshing native plugins compatible for Editor in 0.71 ms, found 2 plugins.
Preloading 0 native plugins for Editor in 0.00 ms.
Mono: successfully reloaded assembly
- Completed reload, in  1.710 seconds
Domain Reload Profiling:
	ReloadAssembly (1712ms)
		BeginReloadAssembly (209ms)
			ExecutionOrderSort (0ms)
			DisableScriptedObjects (10ms)
			BackupInstance (0ms)
			ReleaseScriptingObjects (0ms)
			CreateAndSetChildDomain (47ms)
		EndReloadAssembly (1365ms)
			LoadAssemblies (146ms)
			RebuildTransferFunctionScriptingTraits (0ms)
			SetupTypeCache (257ms)
			ReleaseScriptCaches (4ms)
			RebuildScriptCaches (210ms)
			SetupLoadedEditorAssemblies (623ms)
				LogAssemblyErrors (0ms)
				InitializePlatformSupportModulesInManaged (35ms)
				SetLoadedEditorAssemblies (1ms)
				RefreshPlugins (1ms)
				BeforeProcessingInitializeOnLoad (102ms)
				ProcessInitializeOnLoadAttributes (268ms)
				ProcessInitializeOnLoadMethodAttributes (197ms)
				AfterProcessingInitializeOnLoad (18ms)
				EditorAssembliesLoaded (1ms)
			ExecutionOrderSort2 (0ms)
			AwakeInstancesAfterBackupRestoration (13ms)
Platform modules already initialized, skipping
Refreshing native plugins compatible for Editor in 5.48 ms, found 2 plugins.
Preloading 0 native plugins for Editor in 0.00 ms.
Unloading 2325 Unused Serialized files (Serialized files now loaded: 0)
Unloading 42 unused Assets / (48.8 KB). Loaded Objects now: 2804.
Memory consumption went from 93.6 MB to 93.5 MB.
Total: 10.363900 ms (FindLiveObjects: 0.182800 ms CreateObjectMapping: 0.071100 ms MarkObjects: 10.005100 ms  DeleteObjects: 0.103300 ms)

AssetImportParameters requested are different than current active one (requested -> active):
  custom:video-decoder-ogg-theora: a1e56fd34408186e4bbccfd4996cb3dc -> 
  custom:container-muxer-webm: aa71ff27fc2769a1b78a27578f13a17b -> 
  custom:container-demuxer-webm: 4f35f7cbe854078d1ac9338744f61a02 -> 
  custom:video-encoder-webm-vp8: eb34c28f22e8b96e1ab97ce403110664 -> 
  custom:video-codec-MediaFoundation-h265: 746d11721c4dcdbdad8f713fa42b33f4 -> 
  custom:audio-encoder-webm-vorbis: bf7c407c2cedff20999df2af8eb42d56 -> 
  custom:framework-win-MediaFoundation: 216162199b28c13a410421893ffa2e32 -> 
  custom:container-demuxer-ogg: 62fdf1f143b41e24485cea50d1cbac27 -> 
  custom:video-decoder-webm-vp8: 9c59270c3fd7afecdb556c50c9e8de78 -> 
  custom:audio-decoder-ogg-vorbis: bf7c407c2cedff20999df2af8eb42d56 -> 
========================================================================
Received Import Request.
  Time since last request: 47.691312 seconds.
  path: Assets/Scenes/Levels
  artifactKey: Guid(dd361c36f828af6439b2bc799b6dcdab) Importer(815301076,1909f56bfc062723c751e8b465ee728b)
Start importing Assets/Scenes/Levels using Guid(dd361c36f828af6439b2bc799b6dcdab) Importer(815301076,1909f56bfc062723c751e8b465ee728b)  -> (artifact id: '28efface5b3b0acf45599e00b189c3e6') in 0.021404 seconds 
========================================================================
Received Import Request.
  Time since last request: 2.159262 seconds.
  path: Assets/Scenes/Levels/TestLevel.unity
  artifactKey: Guid(c90bd271f3a0d204d870fe41b589acaa) Importer(815301076,1909f56bfc062723c751e8b465ee728b)
Start importing Assets/Scenes/Levels/TestLevel.unity using Guid(c90bd271f3a0d204d870fe41b589acaa) Importer(815301076,1909f56bfc062723c751e8b465ee728b)  -> (artifact id: '0eca81693918ca1f2ab8918da31b1aaa') in 0.015495 seconds 
========================================================================
Received Import Request.
  Time since last request: 4.560837 seconds.
  path: Assets/Sounds/31623__srehpog__light-crate-smash2.wav
  artifactKey: Guid(7afbb5e01287df446b1f0d5c2bf78fb9) Importer(815301076,1909f56bfc062723c751e8b465ee728b)
Start importing Assets/Sounds/31623__srehpog__light-crate-smash2.wav using Guid(7afbb5e01287df446b1f0d5c2bf78fb9) Importer(815301076,1909f56bfc062723c751e8b465ee728b)  -> (artifact id: '8ecf4b1d746771574e627ad742e4f631') in 0.212934 seconds 
========================================================================
Received Import Request.
  Time since last request: 0.000028 seconds.
  path: Assets/Sounds/whoosh.wav
  artifactKey: Guid(a5e58e37029711747952c2247848cab6) Importer(815301076,1909f56bfc062723c751e8b465ee728b)
Start importing Assets/Sounds/whoosh.wav using Guid(a5e58e37029711747952c2247848cab6) Importer(815301076,1909f56bfc062723c751e8b465ee728b)  -> (artifact id: '637d33552ada4d190863ae727c33f832') in 0.022382 seconds 
========================================================================
Received Import Request.
  Time since last request: 0.991718 seconds.
  path: Assets/Sprites/angry_birds_ocs_sprites__update__by_jared33-d5mg197.png
  artifactKey: Guid(85aec2e11da99d141a70371bdb05d889) Importer(815301076,1909f56bfc062723c751e8b465ee728b)
Start importing Assets/Sprites/angry_birds_ocs_sprites__update__by_jared33-d5mg197.png using Guid(85aec2e11da99d141a70371bdb05d889) Importer(815301076,1909f56bfc062723c751e8b465ee728b)  -> (artifact id: '2c0a910381be5f0d51e40e2981504bcd') in 0.444306 seconds 
========================================================================
Received Import Request.
  Time since last request: 52.649973 seconds.
  path: Assets/Prefabs/bombBird.prefab
  artifactKey: Guid(91a2dd84cc3852b4e8202a7940d7e4e8) Importer(815301076,1909f56bfc062723c751e8b465ee728b)
Start importing Assets/Prefabs/bombBird.prefab using Guid(91a2dd84cc3852b4e8202a7940d7e4e8) Importer(815301076,1909f56bfc062723c751e8b465ee728b)  -> (artifact id: 'c529616064b9388508b487caaf28d781') in 0.038357 seconds 
========================================================================
Received Import Request.
  Time since last request: 6.564951 seconds.
  path: Assets/Prefabs/blueBirdSplit.prefab
  artifactKey: Guid(dbcabc26c12635740822c50b2100fdd4) Importer(815301076,1909f56bfc062723c751e8b465ee728b)
Start importing Assets/Prefabs/blueBirdSplit.prefab using Guid(dbcabc26c12635740822c50b2100fdd4) Importer(815301076,1909f56bfc062723c751e8b465ee728b)  -> (artifact id: '03befa2abf50915c27fd6c507ec3ef93') in 0.021741 seconds 
========================================================================
Received Import Request.
  Time since last request: 0.012145 seconds.
  path: Assets/Prefabs/blueBird.prefab
  artifactKey: Guid(d1cfc6f1af3c2d94fa61a5c78d400544) Importer(815301076,1909f56bfc062723c751e8b465ee728b)
Start importing Assets/Prefabs/blueBird.prefab using Guid(d1cfc6f1af3c2d94fa61a5c78d400544) Importer(815301076,1909f56bfc062723c751e8b465ee728b)  -> (artifact id: '5b9d066ca35e6d690008c906fb54bb28') in 0.019169 seconds 
========================================================================
Received Import Request.
  Time since last request: 2.991698 seconds.
  path: Assets/Prefabs/blueBird.prefab
  artifactKey: Guid(d1cfc6f1af3c2d94fa61a5c78d400544) Importer(815301076,1909f56bfc062723c751e8b465ee728b)
Start importing Assets/Prefabs/blueBird.prefab using Guid(d1cfc6f1af3c2d94fa61a5c78d400544) Importer(815301076,1909f56bfc062723c751e8b465ee728b)  -> (artifact id: 'ba51a044c90791e26340d5977d9dce8b') in 0.018098 seconds 
========================================================================
Received Import Request.
  Time since last request: 3.769624 seconds.
  path: Assets/Prefabs/redBird.prefab
  artifactKey: Guid(2809d5453e912ed459919d777e07a2e3) Importer(815301076,1909f56bfc062723c751e8b465ee728b)
Start importing Assets/Prefabs/redBird.prefab using Guid(2809d5453e912ed459919d777e07a2e3) Importer(815301076,1909f56bfc062723c751e8b465ee728b)  -> (artifact id: 'accb2a86292483d9dec229efbc62bc6e') in 0.021849 seconds 
========================================================================
Received Import Request.
  Time since last request: 3147.992136 seconds.
  path: Assets/Prefabs/redBird.prefab
  artifactKey: Guid(2809d5453e912ed459919d777e07a2e3) Importer(815301076,1909f56bfc062723c751e8b465ee728b)
Start importing Assets/Prefabs/redBird.prefab using Guid(2809d5453e912ed459919d777e07a2e3) Importer(815301076,1909f56bfc062723c751e8b465ee728b)  -> (artifact id: '927f148945f3b415d8d1c9ab73389050') in 0.147316 seconds 
========================================================================
Received Import Request.
  Time since last request: 2.878649 seconds.
  path: Assets/Prefabs/redBird.prefab
  artifactKey: Guid(2809d5453e912ed459919d777e07a2e3) Importer(815301076,1909f56bfc062723c751e8b465ee728b)
Start importing Assets/Prefabs/redBird.prefab using Guid(2809d5453e912ed459919d777e07a2e3) Importer(815301076,1909f56bfc062723c751e8b465ee728b)  -> (artifact id: '41ebe251176affff375e5eceeef46d35') in 0.024317 seconds 
========================================================================
Received Import Request.
  Time since last request: 7.427194 seconds.
  path: Assets/Prefabs/fatBird.prefab
  artifactKey: Guid(394e235fd6d777b44897bf9249a26177) Importer(815301076,1909f56bfc062723c751e8b465ee728b)
Start importing Assets/Prefabs/fatBird.prefab using Guid(394e235fd6d777b44897bf9249a26177) Importer(815301076,1909f56bfc062723c751e8b465ee728b)  -> (artifact id: 'bb05287be26ff95491dfc0d1e72f8e69') in 0.032072 seconds 
========================================================================
Received Import Request.
  Time since last request: 3.424518 seconds.
  path: Assets/Prefabs/fatBird.prefab
  artifactKey: Guid(394e235fd6d777b44897bf9249a26177) Importer(815301076,1909f56bfc062723c751e8b465ee728b)
Start importing Assets/Prefabs/fatBird.prefab using Guid(394e235fd6d777b44897bf9249a26177) Importer(815301076,1909f56bfc062723c751e8b465ee728b)  -> (artifact id: 'ba0d5ed755cfc3577274fb27a0230b8d') in 0.018256 seconds 
========================================================================
Received Import Request.
  Time since last request: 2.913801 seconds.
  path: Assets/Prefabs/fatBird.prefab
  artifactKey: Guid(394e235fd6d777b44897bf9249a26177) Importer(815301076,1909f56bfc062723c751e8b465ee728b)
Start importing Assets/Prefabs/fatBird.prefab using Guid(394e235fd6d777b44897bf9249a26177) Importer(815301076,1909f56bfc062723c751e8b465ee728b)  -> (artifact id: '2a7c6ed48a065a340a0506c856744029') in 0.022170 seconds 
========================================================================
Received Import Request.
  Time since last request: 4.002855 seconds.
  path: Assets/Prefabs/blueBirdSplit.prefab
  artifactKey: Guid(dbcabc26c12635740822c50b2100fdd4) Importer(815301076,1909f56bfc062723c751e8b465ee728b)
Start importing Assets/Prefabs/blueBirdSplit.prefab using Guid(dbcabc26c12635740822c50b2100fdd4) Importer(815301076,1909f56bfc062723c751e8b465ee728b)  -> (artifact id: '555391dc61fece328570e3eb5deeaba5') in 0.019645 seconds 
========================================================================
Received Import Request.
  Time since last request: 0.027119 seconds.
  path: Assets/Prefabs/blueBird.prefab
  artifactKey: Guid(d1cfc6f1af3c2d94fa61a5c78d400544) Importer(815301076,1909f56bfc062723c751e8b465ee728b)
Start importing Assets/Prefabs/blueBird.prefab using Guid(d1cfc6f1af3c2d94fa61a5c78d400544) Importer(815301076,1909f56bfc062723c751e8b465ee728b)  -> (artifact id: '28c6ca27dc4100b4c91423f96bada653') in 0.021751 seconds 
========================================================================
Received Import Request.
  Time since last request: 2.541929 seconds.
  path: Assets/Prefabs/blueBirdSplit.prefab
  artifactKey: Guid(dbcabc26c12635740822c50b2100fdd4) Importer(815301076,1909f56bfc062723c751e8b465ee728b)
Start importing Assets/Prefabs/blueBirdSplit.prefab using Guid(dbcabc26c12635740822c50b2100fdd4) Importer(815301076,1909f56bfc062723c751e8b465ee728b)  -> (artifact id: 'dee28f050689e3c6f8f6207f99b4998d') in 0.019590 seconds 
========================================================================
Received Import Request.
  Time since last request: 0.012271 seconds.
  path: Assets/Prefabs/blueBird.prefab
  artifactKey: Guid(d1cfc6f1af3c2d94fa61a5c78d400544) Importer(815301076,1909f56bfc062723c751e8b465ee728b)
Start importing Assets/Prefabs/blueBird.prefab using Guid(d1cfc6f1af3c2d94fa61a5c78d400544) Importer(815301076,1909f56bfc062723c751e8b465ee728b)  -> (artifact id: '05e6355ffd8e31d17dafcb3933153917') in 0.022023 seconds 
========================================================================
Received Import Request.
  Time since last request: 3.617164 seconds.
  path: Assets/Prefabs/blueBird.prefab
  artifactKey: Guid(d1cfc6f1af3c2d94fa61a5c78d400544) Importer(815301076,1909f56bfc062723c751e8b465ee728b)
Start importing Assets/Prefabs/blueBird.prefab using Guid(d1cfc6f1af3c2d94fa61a5c78d400544) Importer(815301076,1909f56bfc062723c751e8b465ee728b)  -> (artifact id: '8c6e9145bdff48a726d209153754df38') in 0.021801 seconds 
========================================================================
Received Import Request.
  Time since last request: 4.076421 seconds.
  path: Assets/Prefabs/blueBird.prefab
  artifactKey: Guid(d1cfc6f1af3c2d94fa61a5c78d400544) Importer(815301076,1909f56bfc062723c751e8b465ee728b)
Start importing Assets/Prefabs/blueBird.prefab using Guid(d1cfc6f1af3c2d94fa61a5c78d400544) Importer(815301076,1909f56bfc062723c751e8b465ee728b)  -> (artifact id: '2b7229eb457f033a2ba956b58467f01e') in 0.020976 seconds 
========================================================================
Received Import Request.
  Time since last request: 3.551315 seconds.
  path: Assets/Prefabs/yellowBird.prefab
  artifactKey: Guid(7cf8f7af7d6aeab459c8cfd7af10e44b) Importer(815301076,1909f56bfc062723c751e8b465ee728b)
Start importing Assets/Prefabs/yellowBird.prefab using Guid(7cf8f7af7d6aeab459c8cfd7af10e44b) Importer(815301076,1909f56bfc062723c751e8b465ee728b)  -> (artifact id: 'b4746ebb8c6021b93a39864a5005cb89') in 0.027177 seconds 
========================================================================
Received Import Request.
  Time since last request: 1.916120 seconds.
  path: Assets/Prefabs/yellowBird.prefab
  artifactKey: Guid(7cf8f7af7d6aeab459c8cfd7af10e44b) Importer(815301076,1909f56bfc062723c751e8b465ee728b)
Start importing Assets/Prefabs/yellowBird.prefab using Guid(7cf8f7af7d6aeab459c8cfd7af10e44b) Importer(815301076,1909f56bfc062723c751e8b465ee728b)  -> (artifact id: '69d04127fe857fe6132bacea9b2aa897') in 0.016368 seconds 
========================================================================
Received Import Request.
  Time since last request: 2.370639 seconds.
  path: Assets/Prefabs/yellowBird.prefab
  artifactKey: Guid(7cf8f7af7d6aeab459c8cfd7af10e44b) Importer(815301076,1909f56bfc062723c751e8b465ee728b)
Start importing Assets/Prefabs/yellowBird.prefab using Guid(7cf8f7af7d6aeab459c8cfd7af10e44b) Importer(815301076,1909f56bfc062723c751e8b465ee728b)  -> (artifact id: 'a9ba817ca44fcb93bfc2ca2a3f469589') in 0.020259 seconds 
========================================================================
Received Import Request.
  Time since last request: 4.445792 seconds.
  path: Assets/Prefabs/yellowBird.prefab
  artifactKey: Guid(7cf8f7af7d6aeab459c8cfd7af10e44b) Importer(815301076,1909f56bfc062723c751e8b465ee728b)
Start importing Assets/Prefabs/yellowBird.prefab using Guid(7cf8f7af7d6aeab459c8cfd7af10e44b) Importer(815301076,1909f56bfc062723c751e8b465ee728b)  -> (artifact id: '61521919e9af0a263832da5535519047') in 0.018971 seconds 
========================================================================
Received Import Request.
  Time since last request: 5.555129 seconds.
  path: Assets/Prefabs/bombBird.prefab
  artifactKey: Guid(91a2dd84cc3852b4e8202a7940d7e4e8) Importer(815301076,1909f56bfc062723c751e8b465ee728b)
Start importing Assets/Prefabs/bombBird.prefab using Guid(91a2dd84cc3852b4e8202a7940d7e4e8) Importer(815301076,1909f56bfc062723c751e8b465ee728b)  -> (artifact id: 'a5f770e35e4e70b42eab7e3bbad2b482') in 0.020445 seconds 
========================================================================
Received Import Request.
  Time since last request: 5.345965 seconds.
  path: Assets/Prefabs/bombBird.prefab
  artifactKey: Guid(91a2dd84cc3852b4e8202a7940d7e4e8) Importer(815301076,1909f56bfc062723c751e8b465ee728b)
Start importing Assets/Prefabs/bombBird.prefab using Guid(91a2dd84cc3852b4e8202a7940d7e4e8) Importer(815301076,1909f56bfc062723c751e8b465ee728b)  -> (artifact id: '33e15ce096e1c58310c7fb83cbfd109e') in 0.021360 seconds 
========================================================================
Received Import Request.
  Time since last request: 473.555701 seconds.
  path: Assets/Prefabs/Stone.prefab
  artifactKey: Guid(a20fb68da717030429ab7cf07ef69c70) Importer(815301076,1909f56bfc062723c751e8b465ee728b)
Start importing Assets/Prefabs/Stone.prefab using Guid(a20fb68da717030429ab7cf07ef69c70) Importer(815301076,1909f56bfc062723c751e8b465ee728b)  -> (artifact id: '923191b99de6d883a2e1a1459ecd0ae4') in 0.044563 seconds 
========================================================================
Received Import Request.
  Time since last request: 0.000027 seconds.
  path: Assets/Prefabs/INGAME_BLOCKS_WOOD_1_24.prefab
  artifactKey: Guid(e0943888d2a6d6c48842fe461cdb90f7) Importer(815301076,1909f56bfc062723c751e8b465ee728b)
Start importing Assets/Prefabs/INGAME_BLOCKS_WOOD_1_24.prefab using Guid(e0943888d2a6d6c48842fe461cdb90f7) Importer(815301076,1909f56bfc062723c751e8b465ee728b)  -> (artifact id: '75f3262a6fbf2758ffa076dc8e6632d9') in 0.031069 seconds 
========================================================================
Received Prepare
Registering precompiled user dll's ...
Registered in 0.011216 seconds.
Begin MonoManager ReloadAssembly
Symbol file LoadedFromMemory is not a mono symbol file
Native extension for UWP target not found
Native extension for WindowsStandalone target not found
Native extension for Android target not found
Refreshing native plugins compatible for Editor in 0.91 ms, found 2 plugins.
Preloading 0 native plugins for Editor in 0.00 ms.
Mono: successfully reloaded assembly
- Completed reload, in  2.097 seconds
Domain Reload Profiling:
	ReloadAssembly (2099ms)
		BeginReloadAssembly (681ms)
			ExecutionOrderSort (0ms)
			DisableScriptedObjects (44ms)
			BackupInstance (0ms)
			ReleaseScriptingObjects (0ms)
			CreateAndSetChildDomain (370ms)
		EndReloadAssembly (1246ms)
			LoadAssemblies (196ms)
			RebuildTransferFunctionScriptingTraits (0ms)
			SetupTypeCache (293ms)
			ReleaseScriptCaches (2ms)
			RebuildScriptCaches (71ms)
			SetupLoadedEditorAssemblies (648ms)
				LogAssemblyErrors (0ms)
				InitializePlatformSupportModulesInManaged (41ms)
				SetLoadedEditorAssemblies (1ms)
				RefreshPlugins (1ms)
				BeforeProcessingInitializeOnLoad (124ms)
				ProcessInitializeOnLoadAttributes (308ms)
				ProcessInitializeOnLoadMethodAttributes (162ms)
				AfterProcessingInitializeOnLoad (10ms)
				EditorAssembliesLoaded (0ms)
			ExecutionOrderSort2 (0ms)
			AwakeInstancesAfterBackupRestoration (14ms)
Platform modules already initialized, skipping
Refreshing native plugins compatible for Editor in 9.06 ms, found 2 plugins.
Preloading 0 native plugins for Editor in 0.00 ms.
Unloading 2325 Unused Serialized files (Serialized files now loaded: 0)
Unloading 42 unused Assets / (48.8 KB). Loaded Objects now: 2935.
Memory consumption went from 93.9 MB to 93.9 MB.
Total: 11.169200 ms (FindLiveObjects: 0.219400 ms CreateObjectMapping: 0.079900 ms MarkObjects: 10.764600 ms  DeleteObjects: 0.103600 ms)

AssetImportParameters requested are different than current active one (requested -> active):
  custom:video-decoder-ogg-theora: a1e56fd34408186e4bbccfd4996cb3dc -> 
  custom:container-muxer-webm: aa71ff27fc2769a1b78a27578f13a17b -> 
  custom:container-demuxer-webm: 4f35f7cbe854078d1ac9338744f61a02 -> 
  custom:video-encoder-webm-vp8: eb34c28f22e8b96e1ab97ce403110664 -> 
  custom:video-codec-MediaFoundation-h265: 746d11721c4dcdbdad8f713fa42b33f4 -> 
  custom:audio-encoder-webm-vorbis: bf7c407c2cedff20999df2af8eb42d56 -> 
  custom:framework-win-MediaFoundation: 216162199b28c13a410421893ffa2e32 -> 
  custom:container-demuxer-ogg: 62fdf1f143b41e24485cea50d1cbac27 -> 
  custom:video-decoder-webm-vp8: 9c59270c3fd7afecdb556c50c9e8de78 -> 
  custom:audio-decoder-ogg-vorbis: bf7c407c2cedff20999df2af8eb42d56 -> 
========================================================================
Received Import Request.
  Time since last request: 11.698398 seconds.
  path: Assets/Prefabs/Stone.prefab
  artifactKey: Guid(a20fb68da717030429ab7cf07ef69c70) Importer(815301076,1909f56bfc062723c751e8b465ee728b)
Start importing Assets/Prefabs/Stone.prefab using Guid(a20fb68da717030429ab7cf07ef69c70) Importer(815301076,1909f56bfc062723c751e8b465ee728b)  -> (artifact id: '923191b99de6d883a2e1a1459ecd0ae4') in 0.086472 seconds 
========================================================================
Received Import Request.
  Time since last request: 0.000026 seconds.
  path: Assets/Prefabs/INGAME_BLOCKS_WOOD_1_24.prefab
  artifactKey: Guid(e0943888d2a6d6c48842fe461cdb90f7) Importer(815301076,1909f56bfc062723c751e8b465ee728b)
Start importing Assets/Prefabs/INGAME_BLOCKS_WOOD_1_24.prefab using Guid(e0943888d2a6d6c48842fe461cdb90f7) Importer(815301076,1909f56bfc062723c751e8b465ee728b)  -> (artifact id: '8072ba8747604c83e5d2ae443addca4f') in 0.013390 seconds 
========================================================================
Received Import Request.
  Time since last request: 37.738777 seconds.
  path: Assets/Scripts/Structs
  artifactKey: Guid(1d2453327fb87554680e5869d8e7a3cc) Importer(815301076,1909f56bfc062723c751e8b465ee728b)
Start importing Assets/Scripts/Structs using Guid(1d2453327fb87554680e5869d8e7a3cc) Importer(815301076,1909f56bfc062723c751e8b465ee728b)  -> (artifact id: 'e1a8a3a5e3f9f4f6de41a875777a1347') in 0.014851 seconds 
========================================================================
Received Import Request.
  Time since last request: 18.442399 seconds.
  path: Assets/Scripts/Structs/DamageModifier.cs
  artifactKey: Guid(2644c96716e82e2408ac85e0f65ea6e2) Importer(815301076,1909f56bfc062723c751e8b465ee728b)
Start importing Assets/Scripts/Structs/DamageModifier.cs using Guid(2644c96716e82e2408ac85e0f65ea6e2) Importer(815301076,1909f56bfc062723c751e8b465ee728b)  -> (artifact id: '61e3cb22deb2b73c57feb5d2cda4aebb') in 0.014471 seconds 
========================================================================
Received Import Request.
  Time since last request: 71.516458 seconds.
  path: Assets/Scripts/Structs/DamageModifier.cs
  artifactKey: Guid(2644c96716e82e2408ac85e0f65ea6e2) Importer(815301076,1909f56bfc062723c751e8b465ee728b)
Start importing Assets/Scripts/Structs/DamageModifier.cs using Guid(2644c96716e82e2408ac85e0f65ea6e2) Importer(815301076,1909f56bfc062723c751e8b465ee728b)  -> (artifact id: '6b715f0042dd76df4afdd5b0ffb3fcc6') in 0.004526 seconds 
========================================================================
Received Prepare
Registering precompiled user dll's ...
Registered in 0.008103 seconds.
Begin MonoManager ReloadAssembly
Symbol file LoadedFromMemory is not a mono symbol file
Native extension for UWP target not found
Native extension for WindowsStandalone target not found
Native extension for Android target not found
Refreshing native plugins compatible for Editor in 0.69 ms, found 2 plugins.
Preloading 0 native plugins for Editor in 0.00 ms.
Mono: successfully reloaded assembly
- Completed reload, in  1.501 seconds
Domain Reload Profiling:
	ReloadAssembly (1502ms)
		BeginReloadAssembly (237ms)
			ExecutionOrderSort (0ms)
			DisableScriptedObjects (15ms)
			BackupInstance (0ms)
			ReleaseScriptingObjects (0ms)
			CreateAndSetChildDomain (56ms)
		EndReloadAssembly (1110ms)
			LoadAssemblies (155ms)
			RebuildTransferFunctionScriptingTraits (0ms)
			SetupTypeCache (262ms)
			ReleaseScriptCaches (2ms)
			RebuildScriptCaches (54ms)
			SetupLoadedEditorAssemblies (589ms)
				LogAssemblyErrors (0ms)
				InitializePlatformSupportModulesInManaged (33ms)
				SetLoadedEditorAssemblies (1ms)
				RefreshPlugins (1ms)
				BeforeProcessingInitializeOnLoad (85ms)
				ProcessInitializeOnLoadAttributes (289ms)
				ProcessInitializeOnLoadMethodAttributes (167ms)
				AfterProcessingInitializeOnLoad (13ms)
				EditorAssembliesLoaded (0ms)
			ExecutionOrderSort2 (0ms)
			AwakeInstancesAfterBackupRestoration (15ms)
Platform modules already initialized, skipping
Refreshing native plugins compatible for Editor in 11.30 ms, found 2 plugins.
Preloading 0 native plugins for Editor in 0.00 ms.
Unloading 2326 Unused Serialized files (Serialized files now loaded: 0)
Unloading 41 unused Assets / (21.9 KB). Loaded Objects now: 2939.
Memory consumption went from 93.9 MB to 93.9 MB.
Total: 8.251100 ms (FindLiveObjects: 0.202200 ms CreateObjectMapping: 0.075900 ms MarkObjects: 7.941900 ms  DeleteObjects: 0.029100 ms)

AssetImportParameters requested are different than current active one (requested -> active):
  custom:video-decoder-ogg-theora: a1e56fd34408186e4bbccfd4996cb3dc -> 
  custom:container-muxer-webm: aa71ff27fc2769a1b78a27578f13a17b -> 
  custom:container-demuxer-webm: 4f35f7cbe854078d1ac9338744f61a02 -> 
  custom:video-encoder-webm-vp8: eb34c28f22e8b96e1ab97ce403110664 -> 
  custom:video-codec-MediaFoundation-h265: 746d11721c4dcdbdad8f713fa42b33f4 -> 
  custom:audio-encoder-webm-vorbis: bf7c407c2cedff20999df2af8eb42d56 -> 
  custom:framework-win-MediaFoundation: 216162199b28c13a410421893ffa2e32 -> 
  custom:container-demuxer-ogg: 62fdf1f143b41e24485cea50d1cbac27 -> 
  custom:video-decoder-webm-vp8: 9c59270c3fd7afecdb556c50c9e8de78 -> 
  custom:audio-decoder-ogg-vorbis: bf7c407c2cedff20999df2af8eb42d56 -> 
========================================================================
Received Import Request.
  Time since last request: 38.823123 seconds.
  path: Assets/Prefabs/Glass.prefab
  artifactKey: Guid(4d3ddda3f6d88b441a433af90cb0c391) Importer(815301076,1909f56bfc062723c751e8b465ee728b)
Start importing Assets/Prefabs/Glass.prefab using Guid(4d3ddda3f6d88b441a433af90cb0c391) Importer(815301076,1909f56bfc062723c751e8b465ee728b)  -> (artifact id: '19dcd606a8486bb550d45aae99584e68') in 0.082604 seconds 
========================================================================
Received Import Request.
  Time since last request: 0.000030 seconds.
  path: Assets/Prefabs/Stone.prefab
  artifactKey: Guid(a20fb68da717030429ab7cf07ef69c70) Importer(815301076,1909f56bfc062723c751e8b465ee728b)
Start importing Assets/Prefabs/Stone.prefab using Guid(a20fb68da717030429ab7cf07ef69c70) Importer(815301076,1909f56bfc062723c751e8b465ee728b)  -> (artifact id: '3872f851fea8dbd6ea2e4fcefc50697f') in 0.012745 seconds 
========================================================================
Received Import Request.
  Time since last request: 29.953645 seconds.
  path: Assets/Prefabs/Glass.prefab
  artifactKey: Guid(4d3ddda3f6d88b441a433af90cb0c391) Importer(815301076,1909f56bfc062723c751e8b465ee728b)
Start importing Assets/Prefabs/Glass.prefab using Guid(4d3ddda3f6d88b441a433af90cb0c391) Importer(815301076,1909f56bfc062723c751e8b465ee728b)  -> (artifact id: 'a67035f3418e951318fecb615fdeaee6') in 0.011761 seconds 
========================================================================
Received Import Request.
  Time since last request: 0.017353 seconds.
  path: Assets/Prefabs/INGAME_BLOCKS_WOOD_1_24.prefab
  artifactKey: Guid(e0943888d2a6d6c48842fe461cdb90f7) Importer(815301076,1909f56bfc062723c751e8b465ee728b)
Start importing Assets/Prefabs/INGAME_BLOCKS_WOOD_1_24.prefab using Guid(e0943888d2a6d6c48842fe461cdb90f7) Importer(815301076,1909f56bfc062723c751e8b465ee728b)  -> (artifact id: 'e7815e2d19670f4d60848d415c6823a5') in 0.013387 seconds 
========================================================================
Received Prepare
Registering precompiled user dll's ...
Registered in 0.006856 seconds.
Begin MonoManager ReloadAssembly
Symbol file LoadedFromMemory is not a mono symbol file
Native extension for UWP target not found
Native extension for WindowsStandalone target not found
Native extension for Android target not found
Refreshing native plugins compatible for Editor in 0.75 ms, found 2 plugins.
Preloading 0 native plugins for Editor in 0.00 ms.
Mono: successfully reloaded assembly
- Completed reload, in  1.584 seconds
Domain Reload Profiling:
	ReloadAssembly (1585ms)
		BeginReloadAssembly (189ms)
			ExecutionOrderSort (0ms)
			DisableScriptedObjects (9ms)
			BackupInstance (0ms)
			ReleaseScriptingObjects (0ms)
			CreateAndSetChildDomain (52ms)
		EndReloadAssembly (1274ms)
			LoadAssemblies (151ms)
			RebuildTransferFunctionScriptingTraits (0ms)
			SetupTypeCache (275ms)
			ReleaseScriptCaches (1ms)
			RebuildScriptCaches (75ms)
			SetupLoadedEditorAssemblies (675ms)
				LogAssemblyErrors (0ms)
				InitializePlatformSupportModulesInManaged (37ms)
				SetLoadedEditorAssemblies (1ms)
				RefreshPlugins (1ms)
				BeforeProcessingInitializeOnLoad (116ms)
				ProcessInitializeOnLoadAttributes (299ms)
				ProcessInitializeOnLoadMethodAttributes (210ms)
				AfterProcessingInitializeOnLoad (11ms)
				EditorAssembliesLoaded (0ms)
			ExecutionOrderSort2 (0ms)
			AwakeInstancesAfterBackupRestoration (12ms)
Platform modules already initialized, skipping
Refreshing native plugins compatible for Editor in 9.24 ms, found 2 plugins.
Preloading 0 native plugins for Editor in 0.00 ms.
Unloading 2326 Unused Serialized files (Serialized files now loaded: 0)
Unloading 41 unused Assets / (21.9 KB). Loaded Objects now: 2942.
Memory consumption went from 93.9 MB to 93.9 MB.
Total: 7.751900 ms (FindLiveObjects: 0.487300 ms CreateObjectMapping: 0.085200 ms MarkObjects: 7.149800 ms  DeleteObjects: 0.026600 ms)

AssetImportParameters requested are different than current active one (requested -> active):
  custom:video-decoder-ogg-theora: a1e56fd34408186e4bbccfd4996cb3dc -> 
  custom:container-muxer-webm: aa71ff27fc2769a1b78a27578f13a17b -> 
  custom:container-demuxer-webm: 4f35f7cbe854078d1ac9338744f61a02 -> 
  custom:video-encoder-webm-vp8: eb34c28f22e8b96e1ab97ce403110664 -> 
  custom:video-codec-MediaFoundation-h265: 746d11721c4dcdbdad8f713fa42b33f4 -> 
  custom:audio-encoder-webm-vorbis: bf7c407c2cedff20999df2af8eb42d56 -> 
  custom:framework-win-MediaFoundation: 216162199b28c13a410421893ffa2e32 -> 
  custom:container-demuxer-ogg: 62fdf1f143b41e24485cea50d1cbac27 -> 
  custom:video-decoder-webm-vp8: 9c59270c3fd7afecdb556c50c9e8de78 -> 
  custom:audio-decoder-ogg-vorbis: bf7c407c2cedff20999df2af8eb42d56 -> 
========================================================================
Received Import Request.
  Time since last request: 7.976376 seconds.
  path: Assets/Prefabs/Stone.prefab
  artifactKey: Guid(a20fb68da717030429ab7cf07ef69c70) Importer(815301076,1909f56bfc062723c751e8b465ee728b)
Start importing Assets/Prefabs/Stone.prefab using Guid(a20fb68da717030429ab7cf07ef69c70) Importer(815301076,1909f56bfc062723c751e8b465ee728b)  -> (artifact id: '3872f851fea8dbd6ea2e4fcefc50697f') in 0.077893 seconds 
========================================================================
Received Import Request.
  Time since last request: 0.000030 seconds.
  path: Assets/Prefabs/INGAME_BLOCKS_WOOD_1_24.prefab
  artifactKey: Guid(e0943888d2a6d6c48842fe461cdb90f7) Importer(815301076,1909f56bfc062723c751e8b465ee728b)
Start importing Assets/Prefabs/INGAME_BLOCKS_WOOD_1_24.prefab using Guid(e0943888d2a6d6c48842fe461cdb90f7) Importer(815301076,1909f56bfc062723c751e8b465ee728b)  -> (artifact id: '8efcad9bd555df82349270a228ee3afc') in 0.014643 seconds 
========================================================================
Received Import Request.
  Time since last request: 21.469081 seconds.
  path: Assets/Prefabs/Glass.prefab
  artifactKey: Guid(4d3ddda3f6d88b441a433af90cb0c391) Importer(815301076,1909f56bfc062723c751e8b465ee728b)
Start importing Assets/Prefabs/Glass.prefab using Guid(4d3ddda3f6d88b441a433af90cb0c391) Importer(815301076,1909f56bfc062723c751e8b465ee728b)  -> (artifact id: 'dd69f0d8612a1ba069f00ab5128eb385') in 0.011710 seconds 
========================================================================
Received Import Request.
  Time since last request: 0.017864 seconds.
  path: Assets/Prefabs/Stone.prefab
  artifactKey: Guid(a20fb68da717030429ab7cf07ef69c70) Importer(815301076,1909f56bfc062723c751e8b465ee728b)
Start importing Assets/Prefabs/Stone.prefab using Guid(a20fb68da717030429ab7cf07ef69c70) Importer(815301076,1909f56bfc062723c751e8b465ee728b)  -> (artifact id: 'c58fe9b0fa5d3d46e6276dd9b5fec311') in 0.022738 seconds 
========================================================================
Received Import Request.
  Time since last request: 12.330301 seconds.
  path: Assets/Prefabs/Glass.prefab
  artifactKey: Guid(4d3ddda3f6d88b441a433af90cb0c391) Importer(815301076,1909f56bfc062723c751e8b465ee728b)
Start importing Assets/Prefabs/Glass.prefab using Guid(4d3ddda3f6d88b441a433af90cb0c391) Importer(815301076,1909f56bfc062723c751e8b465ee728b)  -> (artifact id: '2edca4eab76e8ada0cadf13ca0104f42') in 0.011088 seconds 
========================================================================
Received Import Request.
  Time since last request: 3.184932 seconds.
  path: Assets/Prefabs/Glass.prefab
  artifactKey: Guid(4d3ddda3f6d88b441a433af90cb0c391) Importer(815301076,1909f56bfc062723c751e8b465ee728b)
Start importing Assets/Prefabs/Glass.prefab using Guid(4d3ddda3f6d88b441a433af90cb0c391) Importer(815301076,1909f56bfc062723c751e8b465ee728b)  -> (artifact id: '00a265b16e2d98adc132f132d1fac8c4') in 0.010859 seconds 
========================================================================
Received Import Request.
  Time since last request: 13.873304 seconds.
  path: Assets/Prefabs/Glass.prefab
  artifactKey: Guid(4d3ddda3f6d88b441a433af90cb0c391) Importer(815301076,1909f56bfc062723c751e8b465ee728b)
Start importing Assets/Prefabs/Glass.prefab using Guid(4d3ddda3f6d88b441a433af90cb0c391) Importer(815301076,1909f56bfc062723c751e8b465ee728b)  -> (artifact id: '1df7b0dc04131c89ee4260aaddea253e') in 0.013120 seconds 
========================================================================
Received Import Request.
  Time since last request: 28.448811 seconds.
  path: Assets/Prefabs/Glass.prefab
  artifactKey: Guid(4d3ddda3f6d88b441a433af90cb0c391) Importer(815301076,1909f56bfc062723c751e8b465ee728b)
Start importing Assets/Prefabs/Glass.prefab using Guid(4d3ddda3f6d88b441a433af90cb0c391) Importer(815301076,1909f56bfc062723c751e8b465ee728b)  -> (artifact id: 'ddff278027cef946344473a93b2525e1') in 0.013182 seconds 
========================================================================
Received Import Request.
  Time since last request: 4.836582 seconds.
  path: Assets/Prefabs/Glass.prefab
  artifactKey: Guid(4d3ddda3f6d88b441a433af90cb0c391) Importer(815301076,1909f56bfc062723c751e8b465ee728b)
Start importing Assets/Prefabs/Glass.prefab using Guid(4d3ddda3f6d88b441a433af90cb0c391) Importer(815301076,1909f56bfc062723c751e8b465ee728b)  -> (artifact id: 'f9277706c366862af6d9562881c0ab43') in 0.012758 seconds 
========================================================================
Received Import Request.
  Time since last request: 2.290744 seconds.
  path: Assets/Prefabs/Glass.prefab
  artifactKey: Guid(4d3ddda3f6d88b441a433af90cb0c391) Importer(815301076,1909f56bfc062723c751e8b465ee728b)
Start importing Assets/Prefabs/Glass.prefab using Guid(4d3ddda3f6d88b441a433af90cb0c391) Importer(815301076,1909f56bfc062723c751e8b465ee728b)  -> (artifact id: 'a69d9dbecd7d41c5de32a9e0622f7c5a') in 0.011556 seconds 
========================================================================
Received Import Request.
  Time since last request: 4.546235 seconds.
  path: Assets/Prefabs/INGAME_BLOCKS_WOOD_1_24.prefab
  artifactKey: Guid(e0943888d2a6d6c48842fe461cdb90f7) Importer(815301076,1909f56bfc062723c751e8b465ee728b)
Start importing Assets/Prefabs/INGAME_BLOCKS_WOOD_1_24.prefab using Guid(e0943888d2a6d6c48842fe461cdb90f7) Importer(815301076,1909f56bfc062723c751e8b465ee728b)  -> (artifact id: 'f4c4e008bbc2ad9298a2c61aef4f5291') in 0.014477 seconds 
========================================================================
Received Import Request.
  Time since last request: 8.919272 seconds.
  path: Assets/Prefabs/INGAME_BLOCKS_WOOD_1_24.prefab
  artifactKey: Guid(e0943888d2a6d6c48842fe461cdb90f7) Importer(815301076,1909f56bfc062723c751e8b465ee728b)
Start importing Assets/Prefabs/INGAME_BLOCKS_WOOD_1_24.prefab using Guid(e0943888d2a6d6c48842fe461cdb90f7) Importer(815301076,1909f56bfc062723c751e8b465ee728b)  -> (artifact id: 'c6ec7ba8df1811cbe03bec06062862b5') in 0.015529 seconds 
========================================================================
Received Import Request.
  Time since last request: 11.683619 seconds.
  path: Assets/Prefabs/INGAME_BLOCKS_WOOD_1_24.prefab
  artifactKey: Guid(e0943888d2a6d6c48842fe461cdb90f7) Importer(815301076,1909f56bfc062723c751e8b465ee728b)
Start importing Assets/Prefabs/INGAME_BLOCKS_WOOD_1_24.prefab using Guid(e0943888d2a6d6c48842fe461cdb90f7) Importer(815301076,1909f56bfc062723c751e8b465ee728b)  -> (artifact id: 'd4ec137b49dfc9fcb19ce68b21006f33') in 0.012095 seconds 
========================================================================
Received Import Request.
  Time since last request: 1.470804 seconds.
  path: Assets/Prefabs/INGAME_BLOCKS_WOOD_1_24.prefab
  artifactKey: Guid(e0943888d2a6d6c48842fe461cdb90f7) Importer(815301076,1909f56bfc062723c751e8b465ee728b)
Start importing Assets/Prefabs/INGAME_BLOCKS_WOOD_1_24.prefab using Guid(e0943888d2a6d6c48842fe461cdb90f7) Importer(815301076,1909f56bfc062723c751e8b465ee728b)  -> (artifact id: '177889b5f166cb38285865ef47f50927') in 0.013038 seconds 
========================================================================
Received Import Request.
  Time since last request: 3.805718 seconds.
  path: Assets/Prefabs/INGAME_BLOCKS_WOOD_1_24.prefab
  artifactKey: Guid(e0943888d2a6d6c48842fe461cdb90f7) Importer(815301076,1909f56bfc062723c751e8b465ee728b)
Start importing Assets/Prefabs/INGAME_BLOCKS_WOOD_1_24.prefab using Guid(e0943888d2a6d6c48842fe461cdb90f7) Importer(815301076,1909f56bfc062723c751e8b465ee728b)  -> (artifact id: 'f7774a88b7b3d0a17622e80c5b151922') in 0.012985 seconds 
========================================================================
Received Import Request.
  Time since last request: 2.796217 seconds.
  path: Assets/Prefabs/Stone.prefab
  artifactKey: Guid(a20fb68da717030429ab7cf07ef69c70) Importer(815301076,1909f56bfc062723c751e8b465ee728b)
Start importing Assets/Prefabs/Stone.prefab using Guid(a20fb68da717030429ab7cf07ef69c70) Importer(815301076,1909f56bfc062723c751e8b465ee728b)  -> (artifact id: '25c71e5852f3a3d6d5eece858f636edc') in 0.010501 seconds 
========================================================================
Received Import Request.
  Time since last request: 12.668731 seconds.
  path: Assets/Prefabs/Stone.prefab
  artifactKey: Guid(a20fb68da717030429ab7cf07ef69c70) Importer(815301076,1909f56bfc062723c751e8b465ee728b)
Start importing Assets/Prefabs/Stone.prefab using Guid(a20fb68da717030429ab7cf07ef69c70) Importer(815301076,1909f56bfc062723c751e8b465ee728b)  -> (artifact id: '4472c37b9a8d6d3ac8beb5a07757560b') in 0.012259 seconds 
========================================================================
Received Import Request.
  Time since last request: 2.076859 seconds.
  path: Assets/Prefabs/Stone.prefab
  artifactKey: Guid(a20fb68da717030429ab7cf07ef69c70) Importer(815301076,1909f56bfc062723c751e8b465ee728b)
Start importing Assets/Prefabs/Stone.prefab using Guid(a20fb68da717030429ab7cf07ef69c70) Importer(815301076,1909f56bfc062723c751e8b465ee728b)  -> (artifact id: '05f88bd676cb769c8eabfd05ec0f894a') in 0.013953 seconds 
========================================================================
Received Import Request.
  Time since last request: 5.179714 seconds.
  path: Assets/Prefabs/Stone.prefab
  artifactKey: Guid(a20fb68da717030429ab7cf07ef69c70) Importer(815301076,1909f56bfc062723c751e8b465ee728b)
Start importing Assets/Prefabs/Stone.prefab using Guid(a20fb68da717030429ab7cf07ef69c70) Importer(815301076,1909f56bfc062723c751e8b465ee728b)  -> (artifact id: 'c3e1bf85c63d9507bdf881dcf2405580') in 0.016017 seconds 
========================================================================
Received Import Request.
  Time since last request: 8.946633 seconds.
  path: Assets/Prefabs/Stone.prefab
  artifactKey: Guid(a20fb68da717030429ab7cf07ef69c70) Importer(815301076,1909f56bfc062723c751e8b465ee728b)
Start importing Assets/Prefabs/Stone.prefab using Guid(a20fb68da717030429ab7cf07ef69c70) Importer(815301076,1909f56bfc062723c751e8b465ee728b)  -> (artifact id: '77394628866c3ee2dae3fe19cb4b7e35') in 0.014774 seconds 
========================================================================
Received Import Request.
  Time since last request: 2.339805 seconds.
  path: Assets/Prefabs/Stone.prefab
  artifactKey: Guid(a20fb68da717030429ab7cf07ef69c70) Importer(815301076,1909f56bfc062723c751e8b465ee728b)
Start importing Assets/Prefabs/Stone.prefab using Guid(a20fb68da717030429ab7cf07ef69c70) Importer(815301076,1909f56bfc062723c751e8b465ee728b)  -> (artifact id: '8f693ace2b6ad7e7f0ecc30754bf5d1e') in 0.013157 seconds 
========================================================================
Received Prepare
Registering precompiled user dll's ...
Registered in 0.006319 seconds.
Begin MonoManager ReloadAssembly
Symbol file LoadedFromMemory is not a mono symbol file
Native extension for UWP target not found
Native extension for WindowsStandalone target not found
Native extension for Android target not found
Refreshing native plugins compatible for Editor in 0.69 ms, found 2 plugins.
Preloading 0 native plugins for Editor in 0.00 ms.
Mono: successfully reloaded assembly
- Completed reload, in  1.362 seconds
Domain Reload Profiling:
	ReloadAssembly (1363ms)
		BeginReloadAssembly (181ms)
			ExecutionOrderSort (0ms)
			DisableScriptedObjects (9ms)
			BackupInstance (0ms)
			ReleaseScriptingObjects (0ms)
			CreateAndSetChildDomain (45ms)
		EndReloadAssembly (1066ms)
			LoadAssemblies (126ms)
			RebuildTransferFunctionScriptingTraits (0ms)
			SetupTypeCache (259ms)
			ReleaseScriptCaches (1ms)
			RebuildScriptCaches (52ms)
			SetupLoadedEditorAssemblies (542ms)
				LogAssemblyErrors (0ms)
				InitializePlatformSupportModulesInManaged (30ms)
				SetLoadedEditorAssemblies (1ms)
				RefreshPlugins (1ms)
				BeforeProcessingInitializeOnLoad (103ms)
				ProcessInitializeOnLoadAttributes (239ms)
				ProcessInitializeOnLoadMethodAttributes (158ms)
				AfterProcessingInitializeOnLoad (10ms)
				EditorAssembliesLoaded (0ms)
			ExecutionOrderSort2 (0ms)
			AwakeInstancesAfterBackupRestoration (14ms)
Platform modules already initialized, skipping
Refreshing native plugins compatible for Editor in 9.54 ms, found 2 plugins.
Preloading 0 native plugins for Editor in 0.00 ms.
Unloading 2326 Unused Serialized files (Serialized files now loaded: 0)
Unloading 41 unused Assets / (21.9 KB). Loaded Objects now: 2945.
Memory consumption went from 93.9 MB to 93.9 MB.
Total: 9.181000 ms (FindLiveObjects: 0.271100 ms CreateObjectMapping: 0.108200 ms MarkObjects: 8.764600 ms  DeleteObjects: 0.035600 ms)

AssetImportParameters requested are different than current active one (requested -> active):
  custom:video-decoder-ogg-theora: a1e56fd34408186e4bbccfd4996cb3dc -> 
  custom:container-muxer-webm: aa71ff27fc2769a1b78a27578f13a17b -> 
  custom:container-demuxer-webm: 4f35f7cbe854078d1ac9338744f61a02 -> 
  custom:video-encoder-webm-vp8: eb34c28f22e8b96e1ab97ce403110664 -> 
  custom:video-codec-MediaFoundation-h265: 746d11721c4dcdbdad8f713fa42b33f4 -> 
  custom:audio-encoder-webm-vorbis: bf7c407c2cedff20999df2af8eb42d56 -> 
  custom:framework-win-MediaFoundation: 216162199b28c13a410421893ffa2e32 -> 
  custom:container-demuxer-ogg: 62fdf1f143b41e24485cea50d1cbac27 -> 
  custom:video-decoder-webm-vp8: 9c59270c3fd7afecdb556c50c9e8de78 -> 
  custom:audio-decoder-ogg-vorbis: bf7c407c2cedff20999df2af8eb42d56 -> 
========================================================================
Received Import Request.
  Time since last request: 147.464090 seconds.
  path: Assets/Prefabs/yellowBird.prefab
  artifactKey: Guid(7cf8f7af7d6aeab459c8cfd7af10e44b) Importer(815301076,1909f56bfc062723c751e8b465ee728b)
Start importing Assets/Prefabs/yellowBird.prefab using Guid(7cf8f7af7d6aeab459c8cfd7af10e44b) Importer(815301076,1909f56bfc062723c751e8b465ee728b)  -> (artifact id: '4493935d7e3c1e1c30a275bb8c8dc8c7') in 0.095271 seconds 
========================================================================
Received Import Request.
  Time since last request: 1.349966 seconds.
  path: Assets/Prefabs/yellowBird.prefab
  artifactKey: Guid(7cf8f7af7d6aeab459c8cfd7af10e44b) Importer(815301076,1909f56bfc062723c751e8b465ee728b)
Start importing Assets/Prefabs/yellowBird.prefab using Guid(7cf8f7af7d6aeab459c8cfd7af10e44b) Importer(815301076,1909f56bfc062723c751e8b465ee728b)  -> (artifact id: 'e26a103dfe32bfa402f65ffcfc2c56be') in 0.018749 seconds 
========================================================================
Received Prepare
Registering precompiled user dll's ...
Registered in 0.009851 seconds.
Begin MonoManager ReloadAssembly
Symbol file LoadedFromMemory is not a mono symbol file
Native extension for UWP target not found
Native extension for WindowsStandalone target not found
Native extension for Android target not found
Refreshing native plugins compatible for Editor in 1.33 ms, found 2 plugins.
Preloading 0 native plugins for Editor in 0.00 ms.
Mono: successfully reloaded assembly
- Completed reload, in  1.607 seconds
Domain Reload Profiling:
	ReloadAssembly (1608ms)
		BeginReloadAssembly (191ms)
			ExecutionOrderSort (0ms)
			DisableScriptedObjects (9ms)
			BackupInstance (0ms)
			ReleaseScriptingObjects (0ms)
			CreateAndSetChildDomain (49ms)
		EndReloadAssembly (1239ms)
			LoadAssemblies (133ms)
			RebuildTransferFunctionScriptingTraits (0ms)
			SetupTypeCache (250ms)
			ReleaseScriptCaches (1ms)
			RebuildScriptCaches (52ms)
			SetupLoadedEditorAssemblies (707ms)
				LogAssemblyErrors (0ms)
				InitializePlatformSupportModulesInManaged (43ms)
				SetLoadedEditorAssemblies (1ms)
				RefreshPlugins (1ms)
				BeforeProcessingInitializeOnLoad (118ms)
				ProcessInitializeOnLoadAttributes (361ms)
				ProcessInitializeOnLoadMethodAttributes (172ms)
				AfterProcessingInitializeOnLoad (11ms)
				EditorAssembliesLoaded (0ms)
			ExecutionOrderSort2 (0ms)
			AwakeInstancesAfterBackupRestoration (11ms)
Platform modules already initialized, skipping
Refreshing native plugins compatible for Editor in 18.05 ms, found 2 plugins.
Preloading 0 native plugins for Editor in 0.00 ms.
Unloading 2326 Unused Serialized files (Serialized files now loaded: 0)
Unloading 42 unused Assets / (48.8 KB). Loaded Objects now: 2948.
Memory consumption went from 94.0 MB to 93.9 MB.
Total: 14.542400 ms (FindLiveObjects: 0.753200 ms CreateObjectMapping: 0.311100 ms MarkObjects: 13.362200 ms  DeleteObjects: 0.109600 ms)

AssetImportParameters requested are different than current active one (requested -> active):
  custom:video-decoder-ogg-theora: a1e56fd34408186e4bbccfd4996cb3dc -> 
  custom:container-muxer-webm: aa71ff27fc2769a1b78a27578f13a17b -> 
  custom:container-demuxer-webm: 4f35f7cbe854078d1ac9338744f61a02 -> 
  custom:video-encoder-webm-vp8: eb34c28f22e8b96e1ab97ce403110664 -> 
  custom:video-codec-MediaFoundation-h265: 746d11721c4dcdbdad8f713fa42b33f4 -> 
  custom:audio-encoder-webm-vorbis: bf7c407c2cedff20999df2af8eb42d56 -> 
  custom:framework-win-MediaFoundation: 216162199b28c13a410421893ffa2e32 -> 
  custom:container-demuxer-ogg: 62fdf1f143b41e24485cea50d1cbac27 -> 
  custom:video-decoder-webm-vp8: 9c59270c3fd7afecdb556c50c9e8de78 -> 
  custom:audio-decoder-ogg-vorbis: bf7c407c2cedff20999df2af8eb42d56 -> 
========================================================================
Received Prepare
Registering precompiled user dll's ...
Registered in 0.012345 seconds.
Begin MonoManager ReloadAssembly
Symbol file LoadedFromMemory is not a mono symbol file
Native extension for UWP target not found
Native extension for WindowsStandalone target not found
Native extension for Android target not found
Refreshing native plugins compatible for Editor in 1.35 ms, found 2 plugins.
Preloading 0 native plugins for Editor in 0.00 ms.
Mono: successfully reloaded assembly
- Completed reload, in  2.210 seconds
Domain Reload Profiling:
	ReloadAssembly (2211ms)
		BeginReloadAssembly (228ms)
			ExecutionOrderSort (0ms)
			DisableScriptedObjects (15ms)
			BackupInstance (0ms)
			ReleaseScriptingObjects (0ms)
			CreateAndSetChildDomain (48ms)
		EndReloadAssembly (1819ms)
			LoadAssemblies (174ms)
			RebuildTransferFunctionScriptingTraits (0ms)
			SetupTypeCache (425ms)
			ReleaseScriptCaches (1ms)
			RebuildScriptCaches (102ms)
			SetupLoadedEditorAssemblies (953ms)
				LogAssemblyErrors (0ms)
				InitializePlatformSupportModulesInManaged (53ms)
				SetLoadedEditorAssemblies (1ms)
				RefreshPlugins (1ms)
				BeforeProcessingInitializeOnLoad (169ms)
				ProcessInitializeOnLoadAttributes (415ms)
				ProcessInitializeOnLoadMethodAttributes (293ms)
				AfterProcessingInitializeOnLoad (20ms)
				EditorAssembliesLoaded (1ms)
			ExecutionOrderSort2 (0ms)
			AwakeInstancesAfterBackupRestoration (27ms)
Platform modules already initialized, skipping
Refreshing native plugins compatible for Editor in 9.78 ms, found 2 plugins.
Preloading 0 native plugins for Editor in 0.00 ms.
Unloading 2326 Unused Serialized files (Serialized files now loaded: 0)
Unloading 41 unused Assets / (21.9 KB). Loaded Objects now: 2951.
Memory consumption went from 94.0 MB to 93.9 MB.
Total: 13.917600 ms (FindLiveObjects: 0.407800 ms CreateObjectMapping: 0.299500 ms MarkObjects: 13.150900 ms  DeleteObjects: 0.055700 ms)

AssetImportParameters requested are different than current active one (requested -> active):
  custom:video-decoder-ogg-theora: a1e56fd34408186e4bbccfd4996cb3dc -> 
  custom:container-muxer-webm: aa71ff27fc2769a1b78a27578f13a17b -> 
  custom:container-demuxer-webm: 4f35f7cbe854078d1ac9338744f61a02 -> 
  custom:video-encoder-webm-vp8: eb34c28f22e8b96e1ab97ce403110664 -> 
  custom:video-codec-MediaFoundation-h265: 746d11721c4dcdbdad8f713fa42b33f4 -> 
  custom:audio-encoder-webm-vorbis: bf7c407c2cedff20999df2af8eb42d56 -> 
  custom:framework-win-MediaFoundation: 216162199b28c13a410421893ffa2e32 -> 
  custom:container-demuxer-ogg: 62fdf1f143b41e24485cea50d1cbac27 -> 
  custom:video-decoder-webm-vp8: 9c59270c3fd7afecdb556c50c9e8de78 -> 
  custom:audio-decoder-ogg-vorbis: bf7c407c2cedff20999df2af8eb42d56 -> 
========================================================================
Received Prepare
Registering precompiled user dll's ...
Registered in 0.011620 seconds.
Begin MonoManager ReloadAssembly
Symbol file LoadedFromMemory is not a mono symbol file
Native extension for UWP target not found
Native extension for WindowsStandalone target not found
Native extension for Android target not found
Refreshing native plugins compatible for Editor in 1.78 ms, found 2 plugins.
Preloading 0 native plugins for Editor in 0.00 ms.
Mono: successfully reloaded assembly
- Completed reload, in  2.411 seconds
Domain Reload Profiling:
	ReloadAssembly (2413ms)
		BeginReloadAssembly (258ms)
			ExecutionOrderSort (0ms)
			DisableScriptedObjects (14ms)
			BackupInstance (0ms)
			ReleaseScriptingObjects (0ms)
			CreateAndSetChildDomain (57ms)
		EndReloadAssembly (1921ms)
			LoadAssemblies (188ms)
			RebuildTransferFunctionScriptingTraits (0ms)
			SetupTypeCache (374ms)
			ReleaseScriptCaches (1ms)
			RebuildScriptCaches (98ms)
			SetupLoadedEditorAssemblies (1109ms)
				LogAssemblyErrors (0ms)
				InitializePlatformSupportModulesInManaged (55ms)
				SetLoadedEditorAssemblies (1ms)
				RefreshPlugins (2ms)
				BeforeProcessingInitializeOnLoad (185ms)
				ProcessInitializeOnLoadAttributes (565ms)
				ProcessInitializeOnLoadMethodAttributes (280ms)
				AfterProcessingInitializeOnLoad (20ms)
				EditorAssembliesLoaded (1ms)
			ExecutionOrderSort2 (0ms)
			AwakeInstancesAfterBackupRestoration (21ms)
Platform modules already initialized, skipping
Refreshing native plugins compatible for Editor in 13.36 ms, found 2 plugins.
Preloading 0 native plugins for Editor in 0.00 ms.
Unloading 2326 Unused Serialized files (Serialized files now loaded: 0)
Unloading 41 unused Assets / (21.9 KB). Loaded Objects now: 2954.
Memory consumption went from 94.0 MB to 93.9 MB.
Total: 14.984300 ms (FindLiveObjects: 0.484800 ms CreateObjectMapping: 0.161100 ms MarkObjects: 14.283400 ms  DeleteObjects: 0.052700 ms)

AssetImportParameters requested are different than current active one (requested -> active):
  custom:video-decoder-ogg-theora: a1e56fd34408186e4bbccfd4996cb3dc -> 
  custom:container-muxer-webm: aa71ff27fc2769a1b78a27578f13a17b -> 
  custom:container-demuxer-webm: 4f35f7cbe854078d1ac9338744f61a02 -> 
  custom:video-encoder-webm-vp8: eb34c28f22e8b96e1ab97ce403110664 -> 
  custom:video-codec-MediaFoundation-h265: 746d11721c4dcdbdad8f713fa42b33f4 -> 
  custom:audio-encoder-webm-vorbis: bf7c407c2cedff20999df2af8eb42d56 -> 
  custom:framework-win-MediaFoundation: 216162199b28c13a410421893ffa2e32 -> 
  custom:container-demuxer-ogg: 62fdf1f143b41e24485cea50d1cbac27 -> 
  custom:video-decoder-webm-vp8: 9c59270c3fd7afecdb556c50c9e8de78 -> 
  custom:audio-decoder-ogg-vorbis: bf7c407c2cedff20999df2af8eb42d56 -> 
========================================================================
Received Prepare
Registering precompiled user dll's ...
Registered in 0.006246 seconds.
Begin MonoManager ReloadAssembly
Symbol file LoadedFromMemory is not a mono symbol file
Native extension for UWP target not found
Native extension for WindowsStandalone target not found
Native extension for Android target not found
Refreshing native plugins compatible for Editor in 0.82 ms, found 2 plugins.
Preloading 0 native plugins for Editor in 0.00 ms.
Mono: successfully reloaded assembly
- Completed reload, in  1.560 seconds
Domain Reload Profiling:
	ReloadAssembly (1561ms)
		BeginReloadAssembly (207ms)
			ExecutionOrderSort (0ms)
			DisableScriptedObjects (8ms)
			BackupInstance (0ms)
			ReleaseScriptingObjects (0ms)
			CreateAndSetChildDomain (48ms)
		EndReloadAssembly (1213ms)
			LoadAssemblies (143ms)
			RebuildTransferFunctionScriptingTraits (0ms)
			SetupTypeCache (291ms)
			ReleaseScriptCaches (1ms)
			RebuildScriptCaches (53ms)
			SetupLoadedEditorAssemblies (659ms)
				LogAssemblyErrors (0ms)
				InitializePlatformSupportModulesInManaged (32ms)
				SetLoadedEditorAssemblies (1ms)
				RefreshPlugins (1ms)
				BeforeProcessingInitializeOnLoad (97ms)
				ProcessInitializeOnLoadAttributes (292ms)
				ProcessInitializeOnLoadMethodAttributes (223ms)
				AfterProcessingInitializeOnLoad (13ms)
				EditorAssembliesLoaded (1ms)
			ExecutionOrderSort2 (0ms)
			AwakeInstancesAfterBackupRestoration (12ms)
Platform modules already initialized, skipping
Refreshing native plugins compatible for Editor in 8.72 ms, found 2 plugins.
Preloading 0 native plugins for Editor in 0.00 ms.
Unloading 2326 Unused Serialized files (Serialized files now loaded: 0)
Unloading 41 unused Assets / (21.9 KB). Loaded Objects now: 2957.
Memory consumption went from 94.0 MB to 94.0 MB.
Total: 8.852200 ms (FindLiveObjects: 0.232500 ms CreateObjectMapping: 0.085700 ms MarkObjects: 8.494900 ms  DeleteObjects: 0.037900 ms)

AssetImportParameters requested are different than current active one (requested -> active):
  custom:video-decoder-ogg-theora: a1e56fd34408186e4bbccfd4996cb3dc -> 
  custom:container-muxer-webm: aa71ff27fc2769a1b78a27578f13a17b -> 
  custom:container-demuxer-webm: 4f35f7cbe854078d1ac9338744f61a02 -> 
  custom:video-encoder-webm-vp8: eb34c28f22e8b96e1ab97ce403110664 -> 
  custom:video-codec-MediaFoundation-h265: 746d11721c4dcdbdad8f713fa42b33f4 -> 
  custom:audio-encoder-webm-vorbis: bf7c407c2cedff20999df2af8eb42d56 -> 
  custom:framework-win-MediaFoundation: 216162199b28c13a410421893ffa2e32 -> 
  custom:container-demuxer-ogg: 62fdf1f143b41e24485cea50d1cbac27 -> 
  custom:video-decoder-webm-vp8: 9c59270c3fd7afecdb556c50c9e8de78 -> 
  custom:audio-decoder-ogg-vorbis: bf7c407c2cedff20999df2af8eb42d56 -> 
