Using pre-set license
Built from '2021.3/release' branch; Version is '2021.3.27f1 (ca3ffb99bcc6) revision 13254651'; Using compiler version '192829333'; Build Type 'Release'
OS: 'Windows 10  (10.0.19045) 64bit Professional' Language: 'en' Physical Memory: 32473 MB
BatchMode: 1, IsHumanControllingUs: 0, StartBugReporterOnCrash: 0, Is64bit: 1, IsPro: 1

COMMAND LINE ARGUMENTS:
C:\Program Files\Unity\Hub\Editor\2021.3.27f1\Editor\Unity.exe
-adb2
-batchMode
-noUpm
-name
AssetImportWorker4
-projectPath
C:/Users/dgriffith/Documents/GitHub/AngryBirdsStyleGame
-logFile
Logs/AssetImportWorker4.log
-srvPort
62697
Successfully changed project path to: C:/Users/dgriffith/Documents/GitHub/AngryBirdsStyleGame
C:/Users/dgriffith/Documents/GitHub/AngryBirdsStyleGame
[UnityMemory] Configuration Parameters - Can be set up in boot.config
    "memorysetup-bucket-allocator-granularity=16"
    "memorysetup-bucket-allocator-bucket-count=8"
    "memorysetup-bucket-allocator-block-size=33554432"
    "memorysetup-bucket-allocator-block-count=8"
    "memorysetup-main-allocator-block-size=16777216"
    "memorysetup-thread-allocator-block-size=16777216"
    "memorysetup-gfx-main-allocator-block-size=16777216"
    "memorysetup-gfx-thread-allocator-block-size=16777216"
    "memorysetup-cache-allocator-block-size=4194304"
    "memorysetup-typetree-allocator-block-size=2097152"
    "memorysetup-profiler-bucket-allocator-granularity=16"
    "memorysetup-profiler-bucket-allocator-bucket-count=8"
    "memorysetup-profiler-bucket-allocator-block-size=33554432"
    "memorysetup-profiler-bucket-allocator-block-count=8"
    "memorysetup-profiler-allocator-block-size=16777216"
    "memorysetup-profiler-editor-allocator-block-size=1048576"
    "memorysetup-temp-allocator-size-main=16777216"
    "memorysetup-job-temp-allocator-block-size=2097152"
    "memorysetup-job-temp-allocator-block-size-background=1048576"
    "memorysetup-job-temp-allocator-reduction-small-platforms=262144"
    "memorysetup-temp-allocator-size-background-worker=32768"
    "memorysetup-temp-allocator-size-job-worker=262144"
    "memorysetup-temp-allocator-size-preload-manager=33554432"
    "memorysetup-temp-allocator-size-nav-mesh-worker=65536"
    "memorysetup-temp-allocator-size-audio-worker=65536"
    "memorysetup-temp-allocator-size-cloud-worker=32768"
    "memorysetup-temp-allocator-size-gi-baking-worker=262144"
    "memorysetup-temp-allocator-size-gfx=262144"
Player connection [96872] Host "[IP] 192.168.222.1 [Port] 0 [Flags] 2 [Guid] 2147131864 [EditorId] 2147131864 [Version] 1048832 [Id] WindowsEditor(7,Cornputer) [Debug] 1 [PackageName] WindowsEditor [ProjectName] Editor" joined multi-casting on [225.0.0.222:54997]...

Player connection [96872] Host "[IP] 192.168.222.1 [Port] 0 [Flags] 2 [Guid] 2147131864 [EditorId] 2147131864 [Version] 1048832 [Id] WindowsEditor(7,Cornputer) [Debug] 1 [PackageName] WindowsEditor [ProjectName] Editor" joined alternative multi-casting on [225.0.0.222:34997]...

Refreshing native plugins compatible for Editor in 81.81 ms, found 2 plugins.
Preloading 0 native plugins for Editor in 0.00 ms.
Initialize engine version: 2021.3.27f1 (ca3ffb99bcc6)
[Subsystems] Discovering subsystems at path C:/Program Files/Unity/Hub/Editor/2021.3.27f1/Editor/Data/Resources/UnitySubsystems
[Subsystems] Discovering subsystems at path C:/Users/dgriffith/Documents/GitHub/AngryBirdsStyleGame/Assets
GfxDevice: creating device client; threaded=0; jobified=0
Direct3D:
    Version:  Direct3D 11.0 [level 11.1]
    Renderer: NVIDIA GeForce RTX 3070 Ti Laptop GPU (ID=0x24a0)
    Vendor:   NVIDIA
    VRAM:     8032 MB
    Driver:   31.0.15.3892
Initialize mono
Mono path[0] = 'C:/Program Files/Unity/Hub/Editor/2021.3.27f1/Editor/Data/Managed'
Mono path[1] = 'C:/Program Files/Unity/Hub/Editor/2021.3.27f1/Editor/Data/MonoBleedingEdge/lib/mono/unityjit-win32'
Mono config path = 'C:/Program Files/Unity/Hub/Editor/2021.3.27f1/Editor/Data/MonoBleedingEdge/etc'
Using monoOptions --debugger-agent=transport=dt_socket,embedding=1,server=y,suspend=n,address=127.0.0.1:56396
Begin MonoManager ReloadAssembly
Registering precompiled unity dll's ...
Register platform support module: C:/Program Files/Unity/Hub/Editor/2021.3.27f1/Editor/Data/PlaybackEngines/AndroidPlayer/UnityEditor.Android.Extensions.dll
Register platform support module: C:/Program Files/Unity/Hub/Editor/2021.3.27f1/Editor/Data/PlaybackEngines/WindowsStandaloneSupport/UnityEditor.WindowsStandalone.Extensions.dll
Register platform support module: C:/Program Files/Unity/Hub/Editor/2021.3.27f1/Editor/Data/PlaybackEngines/MetroSupport/UnityEditor.UWP.Extensions.dll
Registered in 0.013155 seconds.
Native extension for UWP target not found
Native extension for WindowsStandalone target not found
Native extension for Android target not found
Android Extension - Scanning For ADB Devices 504 ms
Refreshing native plugins compatible for Editor in 44.41 ms, found 2 plugins.
Preloading 0 native plugins for Editor in 0.00 ms.
Mono: successfully reloaded assembly
- Completed reload, in  1.368 seconds
Domain Reload Profiling:
	ReloadAssembly (1369ms)
		BeginReloadAssembly (114ms)
			ExecutionOrderSort (0ms)
			DisableScriptedObjects (0ms)
			BackupInstance (0ms)
			ReleaseScriptingObjects (0ms)
			CreateAndSetChildDomain (1ms)
		EndReloadAssembly (1125ms)
			LoadAssemblies (112ms)
			RebuildTransferFunctionScriptingTraits (0ms)
			SetupTypeCache (151ms)
			ReleaseScriptCaches (0ms)
			RebuildScriptCaches (34ms)
			SetupLoadedEditorAssemblies (862ms)
				LogAssemblyErrors (0ms)
				InitializePlatformSupportModulesInManaged (648ms)
				SetLoadedEditorAssemblies (0ms)
				RefreshPlugins (45ms)
				BeforeProcessingInitializeOnLoad (2ms)
				ProcessInitializeOnLoadAttributes (109ms)
				ProcessInitializeOnLoadMethodAttributes (59ms)
				AfterProcessingInitializeOnLoad (0ms)
				EditorAssembliesLoaded (0ms)
			ExecutionOrderSort2 (0ms)
			AwakeInstancesAfterBackupRestoration (0ms)
Platform modules already initialized, skipping
Registering precompiled user dll's ...
Registered in 0.006771 seconds.
Begin MonoManager ReloadAssembly
Symbol file LoadedFromMemory is not a mono symbol file
Native extension for UWP target not found
Native extension for WindowsStandalone target not found
Native extension for Android target not found
Refreshing native plugins compatible for Editor in 0.73 ms, found 2 plugins.
Preloading 0 native plugins for Editor in 0.00 ms.
Mono: successfully reloaded assembly
- Completed reload, in  1.396 seconds
Domain Reload Profiling:
	ReloadAssembly (1397ms)
		BeginReloadAssembly (157ms)
			ExecutionOrderSort (0ms)
			DisableScriptedObjects (7ms)
			BackupInstance (0ms)
			ReleaseScriptingObjects (0ms)
			CreateAndSetChildDomain (25ms)
		EndReloadAssembly (1114ms)
			LoadAssemblies (125ms)
			RebuildTransferFunctionScriptingTraits (0ms)
			SetupTypeCache (285ms)
			ReleaseScriptCaches (0ms)
			RebuildScriptCaches (57ms)
			SetupLoadedEditorAssemblies (581ms)
				LogAssemblyErrors (0ms)
				InitializePlatformSupportModulesInManaged (31ms)
				SetLoadedEditorAssemblies (1ms)
				RefreshPlugins (1ms)
				BeforeProcessingInitializeOnLoad (124ms)
				ProcessInitializeOnLoadAttributes (241ms)
				ProcessInitializeOnLoadMethodAttributes (166ms)
				AfterProcessingInitializeOnLoad (17ms)
				EditorAssembliesLoaded (0ms)
			ExecutionOrderSort2 (0ms)
			AwakeInstancesAfterBackupRestoration (12ms)
Platform modules already initialized, skipping
========================================================================
Worker process is ready to serve import requests
Launched and connected shader compiler UnityShaderCompiler.exe after 0.07 seconds
Refreshing native plugins compatible for Editor in 0.68 ms, found 2 plugins.
Preloading 0 native plugins for Editor in 0.00 ms.
Unloading 2348 Unused Serialized files (Serialized files now loaded: 0)
Unloading 52 unused Assets / (46.3 KB). Loaded Objects now: 2801.
Memory consumption went from 95.9 MB to 95.9 MB.
Total: 7.905200 ms (FindLiveObjects: 0.200200 ms CreateObjectMapping: 0.076700 ms MarkObjects: 7.513600 ms  DeleteObjects: 0.113100 ms)

AssetImportParameters requested are different than current active one (requested -> active):
  custom:video-decoder-ogg-theora: a1e56fd34408186e4bbccfd4996cb3dc -> 
  custom:container-muxer-webm: aa71ff27fc2769a1b78a27578f13a17b -> 
  custom:container-demuxer-webm: 4f35f7cbe854078d1ac9338744f61a02 -> 
  custom:video-encoder-webm-vp8: eb34c28f22e8b96e1ab97ce403110664 -> 
  custom:video-codec-MediaFoundation-h265: 746d11721c4dcdbdad8f713fa42b33f4 -> 
  custom:audio-encoder-webm-vorbis: bf7c407c2cedff20999df2af8eb42d56 -> 
  custom:framework-win-MediaFoundation: 216162199b28c13a410421893ffa2e32 -> 
  custom:container-demuxer-ogg: 62fdf1f143b41e24485cea50d1cbac27 -> 
  custom:video-decoder-webm-vp8: 9c59270c3fd7afecdb556c50c9e8de78 -> 
  custom:audio-decoder-ogg-vorbis: bf7c407c2cedff20999df2af8eb42d56 -> 
========================================================================
Received Import Request.
  Time since last request: 2440102.434051 seconds.
  path: Assets/Prefabs/Wood_Circle1 1.prefab
  artifactKey: Guid(a1b634696f3c1a3408092fc117fa9f4b) Importer(815301076,1909f56bfc062723c751e8b465ee728b)
Start importing Assets/Prefabs/Wood_Circle1 1.prefab using Guid(a1b634696f3c1a3408092fc117fa9f4b) Importer(815301076,1909f56bfc062723c751e8b465ee728b)  -> (artifact id: 'eaf8a7ea03ea61b72940b946085a0f65') in 0.165700 seconds 
========================================================================
Received Import Request.
  Time since last request: 0.000043 seconds.
  path: Assets/Prefabs/Wood_Rect4 1.prefab
  artifactKey: Guid(b18aa10dddaaa5d44a739be576a1c48c) Importer(815301076,1909f56bfc062723c751e8b465ee728b)
Start importing Assets/Prefabs/Wood_Rect4 1.prefab using Guid(b18aa10dddaaa5d44a739be576a1c48c) Importer(815301076,1909f56bfc062723c751e8b465ee728b)  -> (artifact id: 'a33452e03d8971e734784f46642cdca3') in 0.034225 seconds 
========================================================================
Received Import Request.
  Time since last request: 0.000047 seconds.
  path: Assets/Prefabs/Wood_Triangle2 1.prefab
  artifactKey: Guid(f4d9efc99501fe544b5f2740e6ed66b0) Importer(815301076,1909f56bfc062723c751e8b465ee728b)
Start importing Assets/Prefabs/Wood_Triangle2 1.prefab using Guid(f4d9efc99501fe544b5f2740e6ed66b0) Importer(815301076,1909f56bfc062723c751e8b465ee728b)  -> (artifact id: '114c40e0e109cf7a6bad22f73bf35859') in 0.034890 seconds 
========================================================================
Received Import Request.
  Time since last request: 21.368795 seconds.
  path: Assets/Prefabs/Stone_Circle1.prefab
  artifactKey: Guid(a1b634696f3c1a3408092fc117fa9f4b) Importer(815301076,1909f56bfc062723c751e8b465ee728b)
Start importing Assets/Prefabs/Stone_Circle1.prefab using Guid(a1b634696f3c1a3408092fc117fa9f4b) Importer(815301076,1909f56bfc062723c751e8b465ee728b)  -> (artifact id: '160b86451c97784636b144409bdd136a') in 0.024980 seconds 
========================================================================
Received Import Request.
  Time since last request: 7.771267 seconds.
  path: Assets/Prefabs/Stone_Circle2.prefab
  artifactKey: Guid(f01bd2ae91871a84e8b6d3fd6506e3cb) Importer(815301076,1909f56bfc062723c751e8b465ee728b)
Start importing Assets/Prefabs/Stone_Circle2.prefab using Guid(f01bd2ae91871a84e8b6d3fd6506e3cb) Importer(815301076,1909f56bfc062723c751e8b465ee728b)  -> (artifact id: 'ab41d59d5805e25541030a8e869de051') in 0.024567 seconds 
========================================================================
Received Import Request.
  Time since last request: 10.306810 seconds.
  path: Assets/Prefabs/Stone_Rect1.prefab
  artifactKey: Guid(62edd8cf11c46d04e9ba94bae424580e) Importer(815301076,1909f56bfc062723c751e8b465ee728b)
Start importing Assets/Prefabs/Stone_Rect1.prefab using Guid(62edd8cf11c46d04e9ba94bae424580e) Importer(815301076,1909f56bfc062723c751e8b465ee728b)  -> (artifact id: '37b4e3c2706b69239ec49d18e0d128b0') in 0.023761 seconds 
========================================================================
Received Import Request.
  Time since last request: 10.249058 seconds.
  path: Assets/Prefabs/Stone_Rect2.prefab
  artifactKey: Guid(59a6c97dc666a6047abd3e50617ef036) Importer(815301076,1909f56bfc062723c751e8b465ee728b)
Start importing Assets/Prefabs/Stone_Rect2.prefab using Guid(59a6c97dc666a6047abd3e50617ef036) Importer(815301076,1909f56bfc062723c751e8b465ee728b)  -> (artifact id: '2e80d6a1c1ce7dbd7312bd4669f941b0') in 0.025891 seconds 
========================================================================
Received Import Request.
  Time since last request: 11.667983 seconds.
  path: Assets/Prefabs/Stone_Rect3.prefab
  artifactKey: Guid(d0ae59d1262659d4fa55116277988565) Importer(815301076,1909f56bfc062723c751e8b465ee728b)
Start importing Assets/Prefabs/Stone_Rect3.prefab using Guid(d0ae59d1262659d4fa55116277988565) Importer(815301076,1909f56bfc062723c751e8b465ee728b)  -> (artifact id: '6f9e9e909918ff6f66bd5c835ed473e7') in 0.027128 seconds 
========================================================================
Received Import Request.
  Time since last request: 6.450290 seconds.
  path: Assets/Prefabs/Stone_Rect4.prefab
  artifactKey: Guid(b18aa10dddaaa5d44a739be576a1c48c) Importer(815301076,1909f56bfc062723c751e8b465ee728b)
Start importing Assets/Prefabs/Stone_Rect4.prefab using Guid(b18aa10dddaaa5d44a739be576a1c48c) Importer(815301076,1909f56bfc062723c751e8b465ee728b)  -> (artifact id: '9bbe9b270613d636c396820139dd6c69') in 0.025876 seconds 
========================================================================
Received Import Request.
  Time since last request: 15.089405 seconds.
  path: Assets/Prefabs/Stone_Rect5.prefab
  artifactKey: Guid(4989127fa57a998488add1e00fd806a0) Importer(815301076,1909f56bfc062723c751e8b465ee728b)
Start importing Assets/Prefabs/Stone_Rect5.prefab using Guid(4989127fa57a998488add1e00fd806a0) Importer(815301076,1909f56bfc062723c751e8b465ee728b)  -> (artifact id: '120933ddb6604b88b6cca0ed6a885be7') in 0.025384 seconds 
========================================================================
Received Import Request.
  Time since last request: 12.668969 seconds.
  path: Assets/Prefabs/Stone_Square1.prefab
  artifactKey: Guid(b09ac34733c77c140b320dc8dba57a0b) Importer(815301076,1909f56bfc062723c751e8b465ee728b)
Start importing Assets/Prefabs/Stone_Square1.prefab using Guid(b09ac34733c77c140b320dc8dba57a0b) Importer(815301076,1909f56bfc062723c751e8b465ee728b)  -> (artifact id: 'c9f4542bb3572707e4cfc6b26fefbd72') in 0.025593 seconds 
========================================================================
Received Import Request.
  Time since last request: 10.255169 seconds.
  path: Assets/Prefabs/Stone_Square2.prefab
  artifactKey: Guid(487382e4eb904cd4680bed720bbdfd00) Importer(815301076,1909f56bfc062723c751e8b465ee728b)
Start importing Assets/Prefabs/Stone_Square2.prefab using Guid(487382e4eb904cd4680bed720bbdfd00) Importer(815301076,1909f56bfc062723c751e8b465ee728b)  -> (artifact id: '8d19db0feb3a01c2be6a30aec88427d3') in 0.027596 seconds 
========================================================================
Received Import Request.
  Time since last request: 12.248421 seconds.
  path: Assets/Prefabs/Stone_Square3.prefab
  artifactKey: Guid(b1c05e63f369f444f85474c7605c1498) Importer(815301076,1909f56bfc062723c751e8b465ee728b)
Start importing Assets/Prefabs/Stone_Square3.prefab using Guid(b1c05e63f369f444f85474c7605c1498) Importer(815301076,1909f56bfc062723c751e8b465ee728b)  -> (artifact id: '7ab685acc732b2c737e43b2e8c2ee8e1') in 0.024077 seconds 
========================================================================
Received Import Request.
  Time since last request: 12.653620 seconds.
  path: Assets/Prefabs/Stone_Triangle1.prefab
  artifactKey: Guid(c79439fb4f2f23b498b872ca59392ac7) Importer(815301076,1909f56bfc062723c751e8b465ee728b)
Start importing Assets/Prefabs/Stone_Triangle1.prefab using Guid(c79439fb4f2f23b498b872ca59392ac7) Importer(815301076,1909f56bfc062723c751e8b465ee728b)  -> (artifact id: '9219d395b1c753cf3595fd5595cab7b7') in 0.026220 seconds 
========================================================================
Received Import Request.
  Time since last request: 7.450175 seconds.
  path: Assets/Prefabs/Stone_Triangle2.prefab
  artifactKey: Guid(f4d9efc99501fe544b5f2740e6ed66b0) Importer(815301076,1909f56bfc062723c751e8b465ee728b)
Start importing Assets/Prefabs/Stone_Triangle2.prefab using Guid(f4d9efc99501fe544b5f2740e6ed66b0) Importer(815301076,1909f56bfc062723c751e8b465ee728b)  -> (artifact id: 'ea7998d39a86726cdcdf051e664f4847') in 0.033806 seconds 
========================================================================
Received Import Request.
  Time since last request: 20.576175 seconds.
  path: Assets/Prefabs/Stone_Circle1.prefab
  artifactKey: Guid(a1b634696f3c1a3408092fc117fa9f4b) Importer(815301076,1909f56bfc062723c751e8b465ee728b)
Start importing Assets/Prefabs/Stone_Circle1.prefab using Guid(a1b634696f3c1a3408092fc117fa9f4b) Importer(815301076,1909f56bfc062723c751e8b465ee728b)  -> (artifact id: '86ac39f9ff85545952eec98ce92c8f28') in 0.025242 seconds 
========================================================================
Received Import Request.
  Time since last request: 4.467668 seconds.
  path: Assets/Prefabs/Stone_Circle2.prefab
  artifactKey: Guid(f01bd2ae91871a84e8b6d3fd6506e3cb) Importer(815301076,1909f56bfc062723c751e8b465ee728b)
Start importing Assets/Prefabs/Stone_Circle2.prefab using Guid(f01bd2ae91871a84e8b6d3fd6506e3cb) Importer(815301076,1909f56bfc062723c751e8b465ee728b)  -> (artifact id: 'ed41b40332a32f7c07dd466f04fd9c16') in 0.023446 seconds 
========================================================================
Received Import Request.
  Time since last request: 4.588935 seconds.
  path: Assets/Prefabs/Stone_Rect1.prefab
  artifactKey: Guid(62edd8cf11c46d04e9ba94bae424580e) Importer(815301076,1909f56bfc062723c751e8b465ee728b)
Start importing Assets/Prefabs/Stone_Rect1.prefab using Guid(62edd8cf11c46d04e9ba94bae424580e) Importer(815301076,1909f56bfc062723c751e8b465ee728b)  -> (artifact id: '569722443407a11f5fa9a569a4837620') in 0.018430 seconds 
========================================================================
Received Import Request.
  Time since last request: 4.537182 seconds.
  path: Assets/Prefabs/Stone_Rect2.prefab
  artifactKey: Guid(59a6c97dc666a6047abd3e50617ef036) Importer(815301076,1909f56bfc062723c751e8b465ee728b)
Start importing Assets/Prefabs/Stone_Rect2.prefab using Guid(59a6c97dc666a6047abd3e50617ef036) Importer(815301076,1909f56bfc062723c751e8b465ee728b)  -> (artifact id: 'e01e9392aea6dae985c15de54a02fc7d') in 0.016936 seconds 
========================================================================
Received Import Request.
  Time since last request: 4.873226 seconds.
  path: Assets/Prefabs/Stone_Rect3.prefab
  artifactKey: Guid(d0ae59d1262659d4fa55116277988565) Importer(815301076,1909f56bfc062723c751e8b465ee728b)
Start importing Assets/Prefabs/Stone_Rect3.prefab using Guid(d0ae59d1262659d4fa55116277988565) Importer(815301076,1909f56bfc062723c751e8b465ee728b)  -> (artifact id: '19c23c5a38c3e2f061ff19c38c5af7bc') in 0.016165 seconds 
========================================================================
Received Import Request.
  Time since last request: 4.365594 seconds.
  path: Assets/Prefabs/Stone_Rect4.prefab
  artifactKey: Guid(b18aa10dddaaa5d44a739be576a1c48c) Importer(815301076,1909f56bfc062723c751e8b465ee728b)
Start importing Assets/Prefabs/Stone_Rect4.prefab using Guid(b18aa10dddaaa5d44a739be576a1c48c) Importer(815301076,1909f56bfc062723c751e8b465ee728b)  -> (artifact id: 'db27ab9713ce61423f80b289947b509a') in 0.015182 seconds 
========================================================================
Received Import Request.
  Time since last request: 4.096165 seconds.
  path: Assets/Prefabs/Stone_Rect5.prefab
  artifactKey: Guid(4989127fa57a998488add1e00fd806a0) Importer(815301076,1909f56bfc062723c751e8b465ee728b)
Start importing Assets/Prefabs/Stone_Rect5.prefab using Guid(4989127fa57a998488add1e00fd806a0) Importer(815301076,1909f56bfc062723c751e8b465ee728b)  -> (artifact id: 'c671d4398d5f9ba675c8f0a59b5eb549') in 0.014964 seconds 
========================================================================
Received Import Request.
  Time since last request: 6.808087 seconds.
  path: Assets/Prefabs/Stone_Square1.prefab
  artifactKey: Guid(b09ac34733c77c140b320dc8dba57a0b) Importer(815301076,1909f56bfc062723c751e8b465ee728b)
Start importing Assets/Prefabs/Stone_Square1.prefab using Guid(b09ac34733c77c140b320dc8dba57a0b) Importer(815301076,1909f56bfc062723c751e8b465ee728b)  -> (artifact id: '3665f6c5ac7abbbddff044f7d0695aca') in 0.019214 seconds 
========================================================================
Received Import Request.
  Time since last request: 4.673547 seconds.
  path: Assets/Prefabs/Stone_Square2.prefab
  artifactKey: Guid(487382e4eb904cd4680bed720bbdfd00) Importer(815301076,1909f56bfc062723c751e8b465ee728b)
Start importing Assets/Prefabs/Stone_Square2.prefab using Guid(487382e4eb904cd4680bed720bbdfd00) Importer(815301076,1909f56bfc062723c751e8b465ee728b)  -> (artifact id: '196fc8184f4cacda94f3cb36fbbab316') in 0.026769 seconds 
========================================================================
Received Import Request.
  Time since last request: 4.438511 seconds.
  path: Assets/Prefabs/Stone_Square3.prefab
  artifactKey: Guid(b1c05e63f369f444f85474c7605c1498) Importer(815301076,1909f56bfc062723c751e8b465ee728b)
Start importing Assets/Prefabs/Stone_Square3.prefab using Guid(b1c05e63f369f444f85474c7605c1498) Importer(815301076,1909f56bfc062723c751e8b465ee728b)  -> (artifact id: 'd0909100e612724ab4e6e899f3091748') in 0.021633 seconds 
========================================================================
Received Import Request.
  Time since last request: 5.545358 seconds.
  path: Assets/Prefabs/Stone_Triangle1.prefab
  artifactKey: Guid(c79439fb4f2f23b498b872ca59392ac7) Importer(815301076,1909f56bfc062723c751e8b465ee728b)
Start importing Assets/Prefabs/Stone_Triangle1.prefab using Guid(c79439fb4f2f23b498b872ca59392ac7) Importer(815301076,1909f56bfc062723c751e8b465ee728b)  -> (artifact id: 'e3c75914a75a6db852481e8cf03a06ad') in 0.015514 seconds 
========================================================================
Received Import Request.
  Time since last request: 3.654350 seconds.
  path: Assets/Prefabs/Stone_Triangle2.prefab
  artifactKey: Guid(f4d9efc99501fe544b5f2740e6ed66b0) Importer(815301076,1909f56bfc062723c751e8b465ee728b)
Start importing Assets/Prefabs/Stone_Triangle2.prefab using Guid(f4d9efc99501fe544b5f2740e6ed66b0) Importer(815301076,1909f56bfc062723c751e8b465ee728b)  -> (artifact id: '5249b5cf4a219e366f434634407230c2') in 0.024218 seconds 
========================================================================
Received Import Request.
  Time since last request: 17.254153 seconds.
  path: Assets/Prefabs/Stone_Circle1.prefab
  artifactKey: Guid(a1b634696f3c1a3408092fc117fa9f4b) Importer(815301076,1909f56bfc062723c751e8b465ee728b)
Start importing Assets/Prefabs/Stone_Circle1.prefab using Guid(a1b634696f3c1a3408092fc117fa9f4b) Importer(815301076,1909f56bfc062723c751e8b465ee728b)  -> (artifact id: '1f730b7ecd0d3436f2e988b8bc0d46dc') in 0.026294 seconds 
========================================================================
Received Import Request.
  Time since last request: 10.452099 seconds.
  path: Assets/Prefabs/Stone_Circle2.prefab
  artifactKey: Guid(f01bd2ae91871a84e8b6d3fd6506e3cb) Importer(815301076,1909f56bfc062723c751e8b465ee728b)
Start importing Assets/Prefabs/Stone_Circle2.prefab using Guid(f01bd2ae91871a84e8b6d3fd6506e3cb) Importer(815301076,1909f56bfc062723c751e8b465ee728b)  -> (artifact id: '749f1516d926ef23377f76c80d8c7d1e') in 0.027204 seconds 
========================================================================
Received Import Request.
  Time since last request: 10.375426 seconds.
  path: Assets/Prefabs/Stone_Rect1.prefab
  artifactKey: Guid(62edd8cf11c46d04e9ba94bae424580e) Importer(815301076,1909f56bfc062723c751e8b465ee728b)
Start importing Assets/Prefabs/Stone_Rect1.prefab using Guid(62edd8cf11c46d04e9ba94bae424580e) Importer(815301076,1909f56bfc062723c751e8b465ee728b)  -> (artifact id: '6f736fecfd74248cad2b47b6460e94db') in 0.024500 seconds 
========================================================================
Received Import Request.
  Time since last request: 22.269692 seconds.
  path: Assets/Prefabs/Stone_Rect2.prefab
  artifactKey: Guid(59a6c97dc666a6047abd3e50617ef036) Importer(815301076,1909f56bfc062723c751e8b465ee728b)
Start importing Assets/Prefabs/Stone_Rect2.prefab using Guid(59a6c97dc666a6047abd3e50617ef036) Importer(815301076,1909f56bfc062723c751e8b465ee728b)  -> (artifact id: '1b134d93e16c8f23bf5a3cc7991b4369') in 0.025314 seconds 
========================================================================
Received Import Request.
  Time since last request: 20.537359 seconds.
  path: Assets/Prefabs/Stone_Rect3.prefab
  artifactKey: Guid(d0ae59d1262659d4fa55116277988565) Importer(815301076,1909f56bfc062723c751e8b465ee728b)
Start importing Assets/Prefabs/Stone_Rect3.prefab using Guid(d0ae59d1262659d4fa55116277988565) Importer(815301076,1909f56bfc062723c751e8b465ee728b)  -> (artifact id: 'b0fc716320b079f044cae17495f34f0f') in 0.025229 seconds 
========================================================================
Received Import Request.
  Time since last request: 12.664687 seconds.
  path: Assets/Prefabs/Stone_Rect4.prefab
  artifactKey: Guid(b18aa10dddaaa5d44a739be576a1c48c) Importer(815301076,1909f56bfc062723c751e8b465ee728b)
Start importing Assets/Prefabs/Stone_Rect4.prefab using Guid(b18aa10dddaaa5d44a739be576a1c48c) Importer(815301076,1909f56bfc062723c751e8b465ee728b)  -> (artifact id: 'f4fdacfe00ceab78625b1732ff8a989d') in 0.025639 seconds 
========================================================================
Received Import Request.
  Time since last request: 6.520688 seconds.
  path: Assets/Prefabs/Stone_Rect5.prefab
  artifactKey: Guid(4989127fa57a998488add1e00fd806a0) Importer(815301076,1909f56bfc062723c751e8b465ee728b)
Start importing Assets/Prefabs/Stone_Rect5.prefab using Guid(4989127fa57a998488add1e00fd806a0) Importer(815301076,1909f56bfc062723c751e8b465ee728b)  -> (artifact id: '330f7f69cb9f806cff825cf5c0aed494') in 0.024625 seconds 
========================================================================
Received Import Request.
  Time since last request: 10.299045 seconds.
  path: Assets/Prefabs/Stone_Square1.prefab
  artifactKey: Guid(b09ac34733c77c140b320dc8dba57a0b) Importer(815301076,1909f56bfc062723c751e8b465ee728b)
Start importing Assets/Prefabs/Stone_Square1.prefab using Guid(b09ac34733c77c140b320dc8dba57a0b) Importer(815301076,1909f56bfc062723c751e8b465ee728b)  -> (artifact id: '2f991df2ce82b361e3b6f710e172153c') in 0.023709 seconds 
========================================================================
Received Import Request.
  Time since last request: 13.612637 seconds.
  path: Assets/Prefabs/Stone_Square2.prefab
  artifactKey: Guid(487382e4eb904cd4680bed720bbdfd00) Importer(815301076,1909f56bfc062723c751e8b465ee728b)
Start importing Assets/Prefabs/Stone_Square2.prefab using Guid(487382e4eb904cd4680bed720bbdfd00) Importer(815301076,1909f56bfc062723c751e8b465ee728b)  -> (artifact id: '6e29fd92036e586fe66fea1b61baabce') in 0.022343 seconds 
========================================================================
Received Import Request.
  Time since last request: 8.459057 seconds.
  path: Assets/Prefabs/Stone_Square3.prefab
  artifactKey: Guid(b1c05e63f369f444f85474c7605c1498) Importer(815301076,1909f56bfc062723c751e8b465ee728b)
Start importing Assets/Prefabs/Stone_Square3.prefab using Guid(b1c05e63f369f444f85474c7605c1498) Importer(815301076,1909f56bfc062723c751e8b465ee728b)  -> (artifact id: 'ad06ba48de2fa03f1a9c3a750f279cdf') in 0.015962 seconds 
========================================================================
Received Import Request.
  Time since last request: 7.943554 seconds.
  path: Assets/Prefabs/Stone_Triangle1.prefab
  artifactKey: Guid(c79439fb4f2f23b498b872ca59392ac7) Importer(815301076,1909f56bfc062723c751e8b465ee728b)
Start importing Assets/Prefabs/Stone_Triangle1.prefab using Guid(c79439fb4f2f23b498b872ca59392ac7) Importer(815301076,1909f56bfc062723c751e8b465ee728b)  -> (artifact id: 'a96cba6da30cdb74c9df4fb612ff5ad9') in 0.023663 seconds 
========================================================================
Received Import Request.
  Time since last request: 8.097207 seconds.
  path: Assets/Prefabs/Stone_Triangle2.prefab
  artifactKey: Guid(f4d9efc99501fe544b5f2740e6ed66b0) Importer(815301076,1909f56bfc062723c751e8b465ee728b)
Start importing Assets/Prefabs/Stone_Triangle2.prefab using Guid(f4d9efc99501fe544b5f2740e6ed66b0) Importer(815301076,1909f56bfc062723c751e8b465ee728b)  -> (artifact id: '1d4f04b10a47afb30e3e2d2b22db81d6') in 0.025978 seconds 
========================================================================
Received Import Request.
  Time since last request: 64.359697 seconds.
  path: Assets/Prefabs/Blocks
  artifactKey: Guid(13d5242379f586340a61f5b979241ae3) Importer(815301076,1909f56bfc062723c751e8b465ee728b)
Start importing Assets/Prefabs/Blocks using Guid(13d5242379f586340a61f5b979241ae3) Importer(815301076,1909f56bfc062723c751e8b465ee728b)  -> (artifact id: 'a4e150c13bbd2c12af37066d84f7673a') in 0.011965 seconds 
========================================================================
Received Import Request.
  Time since last request: 14.942486 seconds.
  path: Assets/Prefabs/Blocks/Wood
  artifactKey: Guid(8a41e958a68d62a40b7e765e0eb27ade) Importer(815301076,1909f56bfc062723c751e8b465ee728b)
Start importing Assets/Prefabs/Blocks/Wood using Guid(8a41e958a68d62a40b7e765e0eb27ade) Importer(815301076,1909f56bfc062723c751e8b465ee728b)  -> (artifact id: '717469ecefda26e6c38cad2a28fc237d') in 0.012010 seconds 
========================================================================
Received Import Request.
  Time since last request: 9.944187 seconds.
  path: Assets/Prefabs/Blocks/Stone
  artifactKey: Guid(972ecffbb7d2c314badc36a2e28e7214) Importer(815301076,1909f56bfc062723c751e8b465ee728b)
Start importing Assets/Prefabs/Blocks/Stone using Guid(972ecffbb7d2c314badc36a2e28e7214) Importer(815301076,1909f56bfc062723c751e8b465ee728b)  -> (artifact id: '25711bdfd408d793092d4cc6d5851c67') in 0.003312 seconds 
========================================================================
Received Import Request.
  Time since last request: 6.955160 seconds.
  path: Assets/Prefabs/Blocks/Stone_.prefab
  artifactKey: Guid(a20fb68da717030429ab7cf07ef69c70) Importer(815301076,1909f56bfc062723c751e8b465ee728b)
Start importing Assets/Prefabs/Blocks/Stone_.prefab using Guid(a20fb68da717030429ab7cf07ef69c70) Importer(815301076,1909f56bfc062723c751e8b465ee728b)  -> (artifact id: 'e316ffffb9cae1848a29429433570f41') in 0.027088 seconds 
