Using pre-set license
Built from '2021.3/release' branch; Version is '2021.3.27f1 (ca3ffb99bcc6) revision 13254651'; Using compiler version '192829333'; Build Type 'Release'
OS: 'Windows 10  (10.0.19045) 64bit Professional' Language: 'en' Physical Memory: 32473 MB
BatchMode: 1, IsHumanControllingUs: 0, StartBugReporterOnCrash: 0, Is64bit: 1, IsPro: 1

COMMAND LINE ARGUMENTS:
C:\Program Files\Unity\Hub\Editor\2021.3.27f1-x86_64\Editor\Unity.exe
-adb2
-batchMode
-noUpm
-name
AssetImportWorker0
-projectPath
C:/Users/mreyes/Winter 2025/AngryBirdsStyleGame
-logFile
Logs/AssetImportWorker0.log
-srvPort
36654
Successfully changed project path to: C:/Users/mreyes/Winter 2025/AngryBirdsStyleGame
C:/Users/mreyes/Winter 2025/AngryBirdsStyleGame
[UnityMemory] Configuration Parameters - Can be set up in boot.config
    "memorysetup-bucket-allocator-granularity=16"
    "memorysetup-bucket-allocator-bucket-count=8"
    "memorysetup-bucket-allocator-block-size=33554432"
    "memorysetup-bucket-allocator-block-count=8"
    "memorysetup-main-allocator-block-size=16777216"
    "memorysetup-thread-allocator-block-size=16777216"
    "memorysetup-gfx-main-allocator-block-size=16777216"
    "memorysetup-gfx-thread-allocator-block-size=16777216"
    "memorysetup-cache-allocator-block-size=4194304"
    "memorysetup-typetree-allocator-block-size=2097152"
    "memorysetup-profiler-bucket-allocator-granularity=16"
    "memorysetup-profiler-bucket-allocator-bucket-count=8"
    "memorysetup-profiler-bucket-allocator-block-size=33554432"
    "memorysetup-profiler-bucket-allocator-block-count=8"
    "memorysetup-profiler-allocator-block-size=16777216"
    "memorysetup-profiler-editor-allocator-block-size=1048576"
    "memorysetup-temp-allocator-size-main=16777216"
    "memorysetup-job-temp-allocator-block-size=2097152"
    "memorysetup-job-temp-allocator-block-size-background=1048576"
    "memorysetup-job-temp-allocator-reduction-small-platforms=262144"
    "memorysetup-temp-allocator-size-background-worker=32768"
    "memorysetup-temp-allocator-size-job-worker=262144"
    "memorysetup-temp-allocator-size-preload-manager=33554432"
    "memorysetup-temp-allocator-size-nav-mesh-worker=65536"
    "memorysetup-temp-allocator-size-audio-worker=65536"
    "memorysetup-temp-allocator-size-cloud-worker=32768"
    "memorysetup-temp-allocator-size-gi-baking-worker=262144"
    "memorysetup-temp-allocator-size-gfx=262144"
Player connection [94112] Host "[IP] 10.0.104.46 [Port] 0 [Flags] 2 [Guid] 3073896372 [EditorId] 3073896372 [Version] 1048832 [Id] WindowsEditor(7,LAPTOP-BATCGFMT) [Debug] 1 [PackageName] WindowsEditor [ProjectName] Editor" joined multi-casting on [225.0.0.222:54997]...

Player connection [94112] Host "[IP] 10.0.104.46 [Port] 0 [Flags] 2 [Guid] 3073896372 [EditorId] 3073896372 [Version] 1048832 [Id] WindowsEditor(7,LAPTOP-BATCGFMT) [Debug] 1 [PackageName] WindowsEditor [ProjectName] Editor" joined alternative multi-casting on [225.0.0.222:34997]...

Refreshing native plugins compatible for Editor in 44.45 ms, found 2 plugins.
Preloading 0 native plugins for Editor in 0.00 ms.
Initialize engine version: 2021.3.27f1 (ca3ffb99bcc6)
[Subsystems] Discovering subsystems at path C:/Program Files/Unity/Hub/Editor/2021.3.27f1-x86_64/Editor/Data/Resources/UnitySubsystems
[Subsystems] Discovering subsystems at path C:/Users/mreyes/Winter 2025/AngryBirdsStyleGame/Assets
GfxDevice: creating device client; threaded=0; jobified=0
Direct3D:
    Version:  Direct3D 11.0 [level 11.1]
    Renderer: NVIDIA GeForce RTX 3070 Ti Laptop GPU (ID=0x24a0)
    Vendor:   NVIDIA
    VRAM:     8018 MB
    Driver:   32.0.15.7242
Initialize mono
Mono path[0] = 'C:/Program Files/Unity/Hub/Editor/2021.3.27f1-x86_64/Editor/Data/Managed'
Mono path[1] = 'C:/Program Files/Unity/Hub/Editor/2021.3.27f1-x86_64/Editor/Data/MonoBleedingEdge/lib/mono/unityjit-win32'
Mono config path = 'C:/Program Files/Unity/Hub/Editor/2021.3.27f1-x86_64/Editor/Data/MonoBleedingEdge/etc'
Using monoOptions --debugger-agent=transport=dt_socket,embedding=1,server=y,suspend=n,address=127.0.0.1:56156
Begin MonoManager ReloadAssembly
Registering precompiled unity dll's ...
Register platform support module: C:/Program Files/Unity/Hub/Editor/2021.3.27f1-x86_64/Editor/Data/PlaybackEngines/WindowsStandaloneSupport/UnityEditor.WindowsStandalone.Extensions.dll
Registered in 0.009242 seconds.
Native extension for WindowsStandalone target not found
Refreshing native plugins compatible for Editor in 37.02 ms, found 2 plugins.
Preloading 0 native plugins for Editor in 0.00 ms.
Mono: successfully reloaded assembly
- Completed reload, in  0.717 seconds
Domain Reload Profiling:
	ReloadAssembly (717ms)
		BeginReloadAssembly (91ms)
			ExecutionOrderSort (0ms)
			DisableScriptedObjects (0ms)
			BackupInstance (0ms)
			ReleaseScriptingObjects (0ms)
			CreateAndSetChildDomain (1ms)
		EndReloadAssembly (484ms)
			LoadAssemblies (89ms)
			RebuildTransferFunctionScriptingTraits (0ms)
			SetupTypeCache (136ms)
			ReleaseScriptCaches (0ms)
			RebuildScriptCaches (38ms)
			SetupLoadedEditorAssemblies (248ms)
				LogAssemblyErrors (0ms)
				InitializePlatformSupportModulesInManaged (9ms)
				SetLoadedEditorAssemblies (0ms)
				RefreshPlugins (37ms)
				BeforeProcessingInitializeOnLoad (2ms)
				ProcessInitializeOnLoadAttributes (145ms)
				ProcessInitializeOnLoadMethodAttributes (55ms)
				AfterProcessingInitializeOnLoad (0ms)
				EditorAssembliesLoaded (0ms)
			ExecutionOrderSort2 (0ms)
			AwakeInstancesAfterBackupRestoration (0ms)
Platform modules already initialized, skipping
Registering precompiled user dll's ...
Registered in 0.006393 seconds.
Begin MonoManager ReloadAssembly
Symbol file LoadedFromMemory is not a mono symbol file
Native extension for WindowsStandalone target not found
Refreshing native plugins compatible for Editor in 0.62 ms, found 2 plugins.
Preloading 0 native plugins for Editor in 0.00 ms.
Mono: successfully reloaded assembly
- Completed reload, in  1.374 seconds
Domain Reload Profiling:
	ReloadAssembly (1375ms)
		BeginReloadAssembly (135ms)
			ExecutionOrderSort (0ms)
			DisableScriptedObjects (7ms)
			BackupInstance (0ms)
			ReleaseScriptingObjects (0ms)
			CreateAndSetChildDomain (21ms)
		EndReloadAssembly (1141ms)
			LoadAssemblies (215ms)
			RebuildTransferFunctionScriptingTraits (0ms)
			SetupTypeCache (227ms)
			ReleaseScriptCaches (0ms)
			RebuildScriptCaches (64ms)
			SetupLoadedEditorAssemblies (581ms)
				LogAssemblyErrors (0ms)
				InitializePlatformSupportModulesInManaged (8ms)
				SetLoadedEditorAssemblies (1ms)
				RefreshPlugins (1ms)
				BeforeProcessingInitializeOnLoad (105ms)
				ProcessInitializeOnLoadAttributes (278ms)
				ProcessInitializeOnLoadMethodAttributes (175ms)
				AfterProcessingInitializeOnLoad (13ms)
				EditorAssembliesLoaded (0ms)
			ExecutionOrderSort2 (0ms)
			AwakeInstancesAfterBackupRestoration (11ms)
Platform modules already initialized, skipping
========================================================================
Worker process is ready to serve import requests
Launched and connected shader compiler UnityShaderCompiler.exe after 0.05 seconds
Refreshing native plugins compatible for Editor in 0.52 ms, found 2 plugins.
Preloading 0 native plugins for Editor in 0.00 ms.
Unloading 2340 Unused Serialized files (Serialized files now loaded: 0)
Unloading 52 unused Assets / (46.3 KB). Loaded Objects now: 2789.
Memory consumption went from 91.6 MB to 91.6 MB.
Total: 5.775500 ms (FindLiveObjects: 0.176500 ms CreateObjectMapping: 0.057100 ms MarkObjects: 5.426300 ms  DeleteObjects: 0.114300 ms)

AssetImportParameters requested are different than current active one (requested -> active):
  custom:video-decoder-ogg-theora: a1e56fd34408186e4bbccfd4996cb3dc -> 
  custom:container-muxer-webm: aa71ff27fc2769a1b78a27578f13a17b -> 
  custom:container-demuxer-webm: 4f35f7cbe854078d1ac9338744f61a02 -> 
  custom:video-encoder-webm-vp8: eb34c28f22e8b96e1ab97ce403110664 -> 
  custom:video-codec-MediaFoundation-h265: 746d11721c4dcdbdad8f713fa42b33f4 -> 
  custom:audio-encoder-webm-vorbis: bf7c407c2cedff20999df2af8eb42d56 -> 
  custom:framework-win-MediaFoundation: 216162199b28c13a410421893ffa2e32 -> 
  custom:container-demuxer-ogg: 62fdf1f143b41e24485cea50d1cbac27 -> 
  custom:video-decoder-webm-vp8: 9c59270c3fd7afecdb556c50c9e8de78 -> 
  custom:audio-decoder-ogg-vorbis: bf7c407c2cedff20999df2af8eb42d56 -> 
========================================================================
Received Prepare
Registering precompiled user dll's ...
Registered in 0.006925 seconds.
Begin MonoManager ReloadAssembly
Symbol file LoadedFromMemory is not a mono symbol file
Native extension for WindowsStandalone target not found
Refreshing native plugins compatible for Editor in 0.64 ms, found 2 plugins.
Preloading 0 native plugins for Editor in 0.00 ms.
Mono: successfully reloaded assembly
- Completed reload, in  1.123 seconds
Domain Reload Profiling:
	ReloadAssembly (1124ms)
		BeginReloadAssembly (145ms)
			ExecutionOrderSort (0ms)
			DisableScriptedObjects (9ms)
			BackupInstance (0ms)
			ReleaseScriptingObjects (0ms)
			CreateAndSetChildDomain (35ms)
		EndReloadAssembly (862ms)
			LoadAssemblies (103ms)
			RebuildTransferFunctionScriptingTraits (0ms)
			SetupTypeCache (222ms)
			ReleaseScriptCaches (1ms)
			RebuildScriptCaches (46ms)
			SetupLoadedEditorAssemblies (448ms)
				LogAssemblyErrors (0ms)
				InitializePlatformSupportModulesInManaged (7ms)
				SetLoadedEditorAssemblies (1ms)
				RefreshPlugins (1ms)
				BeforeProcessingInitializeOnLoad (80ms)
				ProcessInitializeOnLoadAttributes (210ms)
				ProcessInitializeOnLoadMethodAttributes (141ms)
				AfterProcessingInitializeOnLoad (8ms)
				EditorAssembliesLoaded (0ms)
			ExecutionOrderSort2 (0ms)
			AwakeInstancesAfterBackupRestoration (8ms)
Platform modules already initialized, skipping
Refreshing native plugins compatible for Editor in 5.54 ms, found 2 plugins.
Preloading 0 native plugins for Editor in 0.00 ms.
Unloading 2321 Unused Serialized files (Serialized files now loaded: 0)
Unloading 41 unused Assets / (22.0 KB). Loaded Objects now: 2792.
Memory consumption went from 89.8 MB to 89.8 MB.
Total: 6.802900 ms (FindLiveObjects: 0.221800 ms CreateObjectMapping: 0.084900 ms MarkObjects: 6.465700 ms  DeleteObjects: 0.029400 ms)

AssetImportParameters requested are different than current active one (requested -> active):
  custom:video-decoder-ogg-theora: a1e56fd34408186e4bbccfd4996cb3dc -> 
  custom:container-muxer-webm: aa71ff27fc2769a1b78a27578f13a17b -> 
  custom:container-demuxer-webm: 4f35f7cbe854078d1ac9338744f61a02 -> 
  custom:video-encoder-webm-vp8: eb34c28f22e8b96e1ab97ce403110664 -> 
  custom:video-codec-MediaFoundation-h265: 746d11721c4dcdbdad8f713fa42b33f4 -> 
  custom:audio-encoder-webm-vorbis: bf7c407c2cedff20999df2af8eb42d56 -> 
  custom:framework-win-MediaFoundation: 216162199b28c13a410421893ffa2e32 -> 
  custom:container-demuxer-ogg: 62fdf1f143b41e24485cea50d1cbac27 -> 
  custom:video-decoder-webm-vp8: 9c59270c3fd7afecdb556c50c9e8de78 -> 
  custom:audio-decoder-ogg-vorbis: bf7c407c2cedff20999df2af8eb42d56 -> 
========================================================================
Received Import Request.
  Time since last request: 145682.778414 seconds.
  path: Assets/Scripts/GlassBrick.cs
  artifactKey: Guid(c9780f420e0109846b4f4dbeb4149e53) Importer(815301076,1909f56bfc062723c751e8b465ee728b)
Start importing Assets/Scripts/GlassBrick.cs using Guid(c9780f420e0109846b4f4dbeb4149e53) Importer(815301076,1909f56bfc062723c751e8b465ee728b)  -> (artifact id: 'aa515a3eb3781f0902282c838843c408') in 0.060415 seconds 
========================================================================
Received Import Request.
  Time since last request: 104.246376 seconds.
  path: Assets/Scripts/Brick.cs
  artifactKey: Guid(0f5f806dfcb14154783a259d007def22) Importer(815301076,1909f56bfc062723c751e8b465ee728b)
Start importing Assets/Scripts/Brick.cs using Guid(0f5f806dfcb14154783a259d007def22) Importer(815301076,1909f56bfc062723c751e8b465ee728b)  -> (artifact id: 'ef13266e42d71024d5f7e2ac521fef78') in 0.009273 seconds 
========================================================================
Received Prepare
Registering precompiled user dll's ...
Registered in 0.007711 seconds.
Begin MonoManager ReloadAssembly
Symbol file LoadedFromMemory is not a mono symbol file
Native extension for WindowsStandalone target not found
Refreshing native plugins compatible for Editor in 0.64 ms, found 2 plugins.
Preloading 0 native plugins for Editor in 0.00 ms.
Mono: successfully reloaded assembly
- Completed reload, in  1.198 seconds
Domain Reload Profiling:
	ReloadAssembly (1199ms)
		BeginReloadAssembly (172ms)
			ExecutionOrderSort (0ms)
			DisableScriptedObjects (9ms)
			BackupInstance (0ms)
			ReleaseScriptingObjects (0ms)
			CreateAndSetChildDomain (39ms)
		EndReloadAssembly (898ms)
			LoadAssemblies (126ms)
			RebuildTransferFunctionScriptingTraits (0ms)
			SetupTypeCache (229ms)
			ReleaseScriptCaches (1ms)
			RebuildScriptCaches (49ms)
			SetupLoadedEditorAssemblies (463ms)
				LogAssemblyErrors (0ms)
				InitializePlatformSupportModulesInManaged (7ms)
				SetLoadedEditorAssemblies (1ms)
				RefreshPlugins (1ms)
				BeforeProcessingInitializeOnLoad (77ms)
				ProcessInitializeOnLoadAttributes (220ms)
				ProcessInitializeOnLoadMethodAttributes (146ms)
				AfterProcessingInitializeOnLoad (13ms)
				EditorAssembliesLoaded (0ms)
			ExecutionOrderSort2 (0ms)
			AwakeInstancesAfterBackupRestoration (12ms)
Platform modules already initialized, skipping
Refreshing native plugins compatible for Editor in 5.30 ms, found 2 plugins.
Preloading 0 native plugins for Editor in 0.00 ms.
Unloading 2321 Unused Serialized files (Serialized files now loaded: 0)
Unloading 41 unused Assets / (22.0 KB). Loaded Objects now: 2795.
Memory consumption went from 89.8 MB to 89.8 MB.
Total: 7.436300 ms (FindLiveObjects: 0.241600 ms CreateObjectMapping: 0.073300 ms MarkObjects: 7.092000 ms  DeleteObjects: 0.028200 ms)

AssetImportParameters requested are different than current active one (requested -> active):
  custom:video-decoder-ogg-theora: a1e56fd34408186e4bbccfd4996cb3dc -> 
  custom:container-muxer-webm: aa71ff27fc2769a1b78a27578f13a17b -> 
  custom:container-demuxer-webm: 4f35f7cbe854078d1ac9338744f61a02 -> 
  custom:video-encoder-webm-vp8: eb34c28f22e8b96e1ab97ce403110664 -> 
  custom:video-codec-MediaFoundation-h265: 746d11721c4dcdbdad8f713fa42b33f4 -> 
  custom:audio-encoder-webm-vorbis: bf7c407c2cedff20999df2af8eb42d56 -> 
  custom:framework-win-MediaFoundation: 216162199b28c13a410421893ffa2e32 -> 
  custom:container-demuxer-ogg: 62fdf1f143b41e24485cea50d1cbac27 -> 
  custom:video-decoder-webm-vp8: 9c59270c3fd7afecdb556c50c9e8de78 -> 
  custom:audio-decoder-ogg-vorbis: bf7c407c2cedff20999df2af8eb42d56 -> 
========================================================================
Received Import Request.
  Time since last request: 296.560733 seconds.
  path: Assets/Sounds/GlassBreak.wav
  artifactKey: Guid(b3331c08e0c1b10449562a318a82bfa6) Importer(815301076,1909f56bfc062723c751e8b465ee728b)
Start importing Assets/Sounds/GlassBreak.wav using Guid(b3331c08e0c1b10449562a318a82bfa6) Importer(815301076,1909f56bfc062723c751e8b465ee728b)  -> (artifact id: '21643587b2f6b7469660ccca78e2c16a') in 0.117377 seconds 
========================================================================
Received Import Request.
  Time since last request: 20.573505 seconds.
  path: Assets/Prefabs/Glass.prefab
  artifactKey: Guid(4d3ddda3f6d88b441a433af90cb0c391) Importer(815301076,1909f56bfc062723c751e8b465ee728b)
Start importing Assets/Prefabs/Glass.prefab using Guid(4d3ddda3f6d88b441a433af90cb0c391) Importer(815301076,1909f56bfc062723c751e8b465ee728b)  -> (artifact id: '3e45c6295d0e850b99a8c687d460d35f') in 0.064585 seconds 
========================================================================
Received Import Request.
  Time since last request: 0.000057 seconds.
  path: Assets/Prefabs/Stone.prefab
  artifactKey: Guid(a20fb68da717030429ab7cf07ef69c70) Importer(815301076,1909f56bfc062723c751e8b465ee728b)
Start importing Assets/Prefabs/Stone.prefab using Guid(a20fb68da717030429ab7cf07ef69c70) Importer(815301076,1909f56bfc062723c751e8b465ee728b)  -> (artifact id: '3e50ae1c60f639390cc5d790dccbd057') in 0.028620 seconds 
========================================================================
Received Import Request.
  Time since last request: 14.697586 seconds.
  path: Assets/Prefabs/Glass.prefab
  artifactKey: Guid(4d3ddda3f6d88b441a433af90cb0c391) Importer(815301076,1909f56bfc062723c751e8b465ee728b)
Start importing Assets/Prefabs/Glass.prefab using Guid(4d3ddda3f6d88b441a433af90cb0c391) Importer(815301076,1909f56bfc062723c751e8b465ee728b)  -> (artifact id: '1a67d320fbb86c84871d7cbb9535126c') in 0.010709 seconds 
========================================================================
Received Import Request.
  Time since last request: 6.309354 seconds.
  path: Assets/Prefabs/Glass.prefab
  artifactKey: Guid(4d3ddda3f6d88b441a433af90cb0c391) Importer(815301076,1909f56bfc062723c751e8b465ee728b)
Start importing Assets/Prefabs/Glass.prefab using Guid(4d3ddda3f6d88b441a433af90cb0c391) Importer(815301076,1909f56bfc062723c751e8b465ee728b)  -> (artifact id: 'cee79a609b74c382f83c2d569db93414') in 0.010657 seconds 
========================================================================
Received Import Request.
  Time since last request: 5.767195 seconds.
  path: Assets/Prefabs/Glass.prefab
  artifactKey: Guid(4d3ddda3f6d88b441a433af90cb0c391) Importer(815301076,1909f56bfc062723c751e8b465ee728b)
Start importing Assets/Prefabs/Glass.prefab using Guid(4d3ddda3f6d88b441a433af90cb0c391) Importer(815301076,1909f56bfc062723c751e8b465ee728b)  -> (artifact id: 'b64f1634791b05922284e3646e4a391b') in 0.010056 seconds 
========================================================================
Received Import Request.
  Time since last request: 1.806493 seconds.
  path: Assets/Prefabs/Glass.prefab
  artifactKey: Guid(4d3ddda3f6d88b441a433af90cb0c391) Importer(815301076,1909f56bfc062723c751e8b465ee728b)
Start importing Assets/Prefabs/Glass.prefab using Guid(4d3ddda3f6d88b441a433af90cb0c391) Importer(815301076,1909f56bfc062723c751e8b465ee728b)  -> (artifact id: '087e208a2e0bf298cdb227bb661e14ee') in 0.009920 seconds 
========================================================================
Received Import Request.
  Time since last request: 17.416513 seconds.
  path: Assets/Prefabs/Glass.prefab
  artifactKey: Guid(4d3ddda3f6d88b441a433af90cb0c391) Importer(815301076,1909f56bfc062723c751e8b465ee728b)
Start importing Assets/Prefabs/Glass.prefab using Guid(4d3ddda3f6d88b441a433af90cb0c391) Importer(815301076,1909f56bfc062723c751e8b465ee728b)  -> (artifact id: 'c42666cf58cb1c4f2b89ad73b5a389fa') in 0.010239 seconds 
========================================================================
Received Import Request.
  Time since last request: 17.016586 seconds.
  path: Assets/Scripts/StoneBrick.cs
  artifactKey: Guid(1506dd9ae0d50de4abe84d1f833ebf8c) Importer(815301076,1909f56bfc062723c751e8b465ee728b)
Start importing Assets/Scripts/StoneBrick.cs using Guid(1506dd9ae0d50de4abe84d1f833ebf8c) Importer(815301076,1909f56bfc062723c751e8b465ee728b)  -> (artifact id: 'eb591936e65bed5568d413cdeecc899d') in 0.010661 seconds 
========================================================================
Received Prepare
Registering precompiled user dll's ...
Registered in 0.007569 seconds.
Begin MonoManager ReloadAssembly
Symbol file LoadedFromMemory is not a mono symbol file
Native extension for WindowsStandalone target not found
Refreshing native plugins compatible for Editor in 0.73 ms, found 2 plugins.
Preloading 0 native plugins for Editor in 0.00 ms.
Mono: successfully reloaded assembly
- Completed reload, in  1.402 seconds
Domain Reload Profiling:
	ReloadAssembly (1403ms)
		BeginReloadAssembly (194ms)
			ExecutionOrderSort (0ms)
			DisableScriptedObjects (10ms)
			BackupInstance (0ms)
			ReleaseScriptingObjects (0ms)
			CreateAndSetChildDomain (48ms)
		EndReloadAssembly (1078ms)
			LoadAssemblies (133ms)
			RebuildTransferFunctionScriptingTraits (0ms)
			SetupTypeCache (243ms)
			ReleaseScriptCaches (1ms)
			RebuildScriptCaches (62ms)
			SetupLoadedEditorAssemblies (591ms)
				LogAssemblyErrors (0ms)
				InitializePlatformSupportModulesInManaged (9ms)
				SetLoadedEditorAssemblies (1ms)
				RefreshPlugins (1ms)
				BeforeProcessingInitializeOnLoad (101ms)
				ProcessInitializeOnLoadAttributes (282ms)
				ProcessInitializeOnLoadMethodAttributes (186ms)
				AfterProcessingInitializeOnLoad (12ms)
				EditorAssembliesLoaded (0ms)
			ExecutionOrderSort2 (0ms)
			AwakeInstancesAfterBackupRestoration (11ms)
Platform modules already initialized, skipping
Refreshing native plugins compatible for Editor in 5.58 ms, found 2 plugins.
Preloading 0 native plugins for Editor in 0.00 ms.
Unloading 2322 Unused Serialized files (Serialized files now loaded: 0)
Unloading 41 unused Assets / (22.0 KB). Loaded Objects now: 2809.
Memory consumption went from 93.8 MB to 93.8 MB.
Total: 8.607300 ms (FindLiveObjects: 0.281700 ms CreateObjectMapping: 0.091800 ms MarkObjects: 8.196500 ms  DeleteObjects: 0.035800 ms)

AssetImportParameters requested are different than current active one (requested -> active):
  custom:video-decoder-ogg-theora: a1e56fd34408186e4bbccfd4996cb3dc -> 
  custom:container-muxer-webm: aa71ff27fc2769a1b78a27578f13a17b -> 
  custom:container-demuxer-webm: 4f35f7cbe854078d1ac9338744f61a02 -> 
  custom:video-encoder-webm-vp8: eb34c28f22e8b96e1ab97ce403110664 -> 
  custom:video-codec-MediaFoundation-h265: 746d11721c4dcdbdad8f713fa42b33f4 -> 
  custom:audio-encoder-webm-vorbis: bf7c407c2cedff20999df2af8eb42d56 -> 
  custom:framework-win-MediaFoundation: 216162199b28c13a410421893ffa2e32 -> 
  custom:container-demuxer-ogg: 62fdf1f143b41e24485cea50d1cbac27 -> 
  custom:video-decoder-webm-vp8: 9c59270c3fd7afecdb556c50c9e8de78 -> 
  custom:audio-decoder-ogg-vorbis: bf7c407c2cedff20999df2af8eb42d56 -> 
========================================================================
Received Import Request.
  Time since last request: 83.272726 seconds.
  path: Assets/Scripts/StoneBrick.cs
  artifactKey: Guid(1506dd9ae0d50de4abe84d1f833ebf8c) Importer(815301076,1909f56bfc062723c751e8b465ee728b)
Start importing Assets/Scripts/StoneBrick.cs using Guid(1506dd9ae0d50de4abe84d1f833ebf8c) Importer(815301076,1909f56bfc062723c751e8b465ee728b)  -> (artifact id: '81f84673c0c53bf933f2535035aeca1a') in 0.007050 seconds 
========================================================================
Received Prepare
Registering precompiled user dll's ...
Registered in 0.007224 seconds.
Begin MonoManager ReloadAssembly
Symbol file LoadedFromMemory is not a mono symbol file
Native extension for WindowsStandalone target not found
Refreshing native plugins compatible for Editor in 0.62 ms, found 2 plugins.
Preloading 0 native plugins for Editor in 0.00 ms.
Mono: successfully reloaded assembly
- Completed reload, in  1.162 seconds
Domain Reload Profiling:
	ReloadAssembly (1163ms)
		BeginReloadAssembly (179ms)
			ExecutionOrderSort (0ms)
			DisableScriptedObjects (10ms)
			BackupInstance (0ms)
			ReleaseScriptingObjects (0ms)
			CreateAndSetChildDomain (40ms)
		EndReloadAssembly (857ms)
			LoadAssemblies (122ms)
			RebuildTransferFunctionScriptingTraits (0ms)
			SetupTypeCache (210ms)
			ReleaseScriptCaches (1ms)
			RebuildScriptCaches (50ms)
			SetupLoadedEditorAssemblies (451ms)
				LogAssemblyErrors (0ms)
				InitializePlatformSupportModulesInManaged (7ms)
				SetLoadedEditorAssemblies (1ms)
				RefreshPlugins (1ms)
				BeforeProcessingInitializeOnLoad (74ms)
				ProcessInitializeOnLoadAttributes (213ms)
				ProcessInitializeOnLoadMethodAttributes (147ms)
				AfterProcessingInitializeOnLoad (9ms)
				EditorAssembliesLoaded (0ms)
			ExecutionOrderSort2 (0ms)
			AwakeInstancesAfterBackupRestoration (9ms)
Platform modules already initialized, skipping
Refreshing native plugins compatible for Editor in 6.02 ms, found 2 plugins.
Preloading 0 native plugins for Editor in 0.00 ms.
Unloading 2322 Unused Serialized files (Serialized files now loaded: 0)
Unloading 41 unused Assets / (22.0 KB). Loaded Objects now: 2812.
Memory consumption went from 93.8 MB to 93.8 MB.
Total: 7.840900 ms (FindLiveObjects: 0.205600 ms CreateObjectMapping: 0.102000 ms MarkObjects: 7.497200 ms  DeleteObjects: 0.034700 ms)

AssetImportParameters requested are different than current active one (requested -> active):
  custom:video-decoder-ogg-theora: a1e56fd34408186e4bbccfd4996cb3dc -> 
  custom:container-muxer-webm: aa71ff27fc2769a1b78a27578f13a17b -> 
  custom:container-demuxer-webm: 4f35f7cbe854078d1ac9338744f61a02 -> 
  custom:video-encoder-webm-vp8: eb34c28f22e8b96e1ab97ce403110664 -> 
  custom:video-codec-MediaFoundation-h265: 746d11721c4dcdbdad8f713fa42b33f4 -> 
  custom:audio-encoder-webm-vorbis: bf7c407c2cedff20999df2af8eb42d56 -> 
  custom:framework-win-MediaFoundation: 216162199b28c13a410421893ffa2e32 -> 
  custom:container-demuxer-ogg: 62fdf1f143b41e24485cea50d1cbac27 -> 
  custom:video-decoder-webm-vp8: 9c59270c3fd7afecdb556c50c9e8de78 -> 
  custom:audio-decoder-ogg-vorbis: bf7c407c2cedff20999df2af8eb42d56 -> 
========================================================================
Received Import Request.
  Time since last request: 25.653928 seconds.
  path: Assets/Prefabs/Stone.prefab
  artifactKey: Guid(a20fb68da717030429ab7cf07ef69c70) Importer(815301076,1909f56bfc062723c751e8b465ee728b)
Start importing Assets/Prefabs/Stone.prefab using Guid(a20fb68da717030429ab7cf07ef69c70) Importer(815301076,1909f56bfc062723c751e8b465ee728b)  -> (artifact id: 'bd246acc9bb5fc2ada53430f6252a4f0') in 0.065419 seconds 
========================================================================
Received Import Request.
  Time since last request: 7.819097 seconds.
  path: Assets/Prefabs/Stone.prefab
  artifactKey: Guid(a20fb68da717030429ab7cf07ef69c70) Importer(815301076,1909f56bfc062723c751e8b465ee728b)
Start importing Assets/Prefabs/Stone.prefab using Guid(a20fb68da717030429ab7cf07ef69c70) Importer(815301076,1909f56bfc062723c751e8b465ee728b)  -> (artifact id: '7d44774876ffde7cb5ec440b8b7e12f0') in 0.011208 seconds 
========================================================================
Received Import Request.
  Time since last request: 2.694870 seconds.
  path: Assets/Prefabs/Stone.prefab
  artifactKey: Guid(a20fb68da717030429ab7cf07ef69c70) Importer(815301076,1909f56bfc062723c751e8b465ee728b)
Start importing Assets/Prefabs/Stone.prefab using Guid(a20fb68da717030429ab7cf07ef69c70) Importer(815301076,1909f56bfc062723c751e8b465ee728b)  -> (artifact id: '7d197208eb027d110131cf6e0be6a31c') in 0.010698 seconds 
========================================================================
Received Import Request.
  Time since last request: 115.938400 seconds.
  path: Assets/Sounds/StoneBreak.wav
  artifactKey: Guid(480a824b4c848024e90df506e2044ef5) Importer(815301076,1909f56bfc062723c751e8b465ee728b)
Start importing Assets/Sounds/StoneBreak.wav using Guid(480a824b4c848024e90df506e2044ef5) Importer(815301076,1909f56bfc062723c751e8b465ee728b)  -> (artifact id: 'c91ad492e7ce1d99e8290cb5379bdb60') in 0.019746 seconds 
========================================================================
Received Import Request.
  Time since last request: 20.302100 seconds.
  path: Assets/Prefabs/Stone.prefab
  artifactKey: Guid(a20fb68da717030429ab7cf07ef69c70) Importer(815301076,1909f56bfc062723c751e8b465ee728b)
Start importing Assets/Prefabs/Stone.prefab using Guid(a20fb68da717030429ab7cf07ef69c70) Importer(815301076,1909f56bfc062723c751e8b465ee728b)  -> (artifact id: 'cd5ed2cd898a201b5b35687b9d971399') in 0.009880 seconds 
========================================================================
Received Import Request.
  Time since last request: 154.906964 seconds.
  path: Assets/Scripts/TNT.cs
  artifactKey: Guid(7b5a8837db95e3a4cbec9b92a5bb1ecc) Importer(815301076,1909f56bfc062723c751e8b465ee728b)
Start importing Assets/Scripts/TNT.cs using Guid(7b5a8837db95e3a4cbec9b92a5bb1ecc) Importer(815301076,1909f56bfc062723c751e8b465ee728b)  -> (artifact id: '64e3ef3cfec438fa6c373b8bfbcc77f5') in 0.010506 seconds 
========================================================================
Received Prepare
Registering precompiled user dll's ...
Registered in 0.012231 seconds.
Begin MonoManager ReloadAssembly
Symbol file LoadedFromMemory is not a mono symbol file
Native extension for WindowsStandalone target not found
Refreshing native plugins compatible for Editor in 0.68 ms, found 2 plugins.
Preloading 0 native plugins for Editor in 0.00 ms.
Mono: successfully reloaded assembly
- Completed reload, in  1.161 seconds
Domain Reload Profiling:
	ReloadAssembly (1162ms)
		BeginReloadAssembly (171ms)
			ExecutionOrderSort (0ms)
			DisableScriptedObjects (8ms)
			BackupInstance (0ms)
			ReleaseScriptingObjects (0ms)
			CreateAndSetChildDomain (40ms)
		EndReloadAssembly (874ms)
			LoadAssemblies (117ms)
			RebuildTransferFunctionScriptingTraits (0ms)
			SetupTypeCache (212ms)
			ReleaseScriptCaches (1ms)
			RebuildScriptCaches (55ms)
			SetupLoadedEditorAssemblies (460ms)
				LogAssemblyErrors (0ms)
				InitializePlatformSupportModulesInManaged (8ms)
				SetLoadedEditorAssemblies (1ms)
				RefreshPlugins (1ms)
				BeforeProcessingInitializeOnLoad (77ms)
				ProcessInitializeOnLoadAttributes (223ms)
				ProcessInitializeOnLoadMethodAttributes (142ms)
				AfterProcessingInitializeOnLoad (9ms)
				EditorAssembliesLoaded (0ms)
			ExecutionOrderSort2 (0ms)
			AwakeInstancesAfterBackupRestoration (9ms)
Platform modules already initialized, skipping
Refreshing native plugins compatible for Editor in 5.55 ms, found 2 plugins.
Preloading 0 native plugins for Editor in 0.00 ms.
Unloading 2322 Unused Serialized files (Serialized files now loaded: 0)
Unloading 41 unused Assets / (22.0 KB). Loaded Objects now: 2815.
Memory consumption went from 93.8 MB to 93.8 MB.
Total: 7.077400 ms (FindLiveObjects: 0.199400 ms CreateObjectMapping: 0.076200 ms MarkObjects: 6.764500 ms  DeleteObjects: 0.035700 ms)

AssetImportParameters requested are different than current active one (requested -> active):
  custom:video-decoder-ogg-theora: a1e56fd34408186e4bbccfd4996cb3dc -> 
  custom:container-muxer-webm: aa71ff27fc2769a1b78a27578f13a17b -> 
  custom:container-demuxer-webm: 4f35f7cbe854078d1ac9338744f61a02 -> 
  custom:video-encoder-webm-vp8: eb34c28f22e8b96e1ab97ce403110664 -> 
  custom:video-codec-MediaFoundation-h265: 746d11721c4dcdbdad8f713fa42b33f4 -> 
  custom:audio-encoder-webm-vorbis: bf7c407c2cedff20999df2af8eb42d56 -> 
  custom:framework-win-MediaFoundation: 216162199b28c13a410421893ffa2e32 -> 
  custom:container-demuxer-ogg: 62fdf1f143b41e24485cea50d1cbac27 -> 
  custom:video-decoder-webm-vp8: 9c59270c3fd7afecdb556c50c9e8de78 -> 
  custom:audio-decoder-ogg-vorbis: bf7c407c2cedff20999df2af8eb42d56 -> 
========================================================================
Received Prepare
Registering precompiled user dll's ...
Registered in 0.014495 seconds.
Begin MonoManager ReloadAssembly
Symbol file LoadedFromMemory is not a mono symbol file
Native extension for WindowsStandalone target not found
Refreshing native plugins compatible for Editor in 0.91 ms, found 2 plugins.
Preloading 0 native plugins for Editor in 0.00 ms.
Mono: successfully reloaded assembly
- Completed reload, in  1.400 seconds
Domain Reload Profiling:
	ReloadAssembly (1401ms)
		BeginReloadAssembly (181ms)
			ExecutionOrderSort (0ms)
			DisableScriptedObjects (11ms)
			BackupInstance (0ms)
			ReleaseScriptingObjects (0ms)
			CreateAndSetChildDomain (41ms)
		EndReloadAssembly (1088ms)
			LoadAssemblies (124ms)
			RebuildTransferFunctionScriptingTraits (0ms)
			SetupTypeCache (259ms)
			ReleaseScriptCaches (1ms)
			RebuildScriptCaches (68ms)
			SetupLoadedEditorAssemblies (578ms)
				LogAssemblyErrors (0ms)
				InitializePlatformSupportModulesInManaged (9ms)
				SetLoadedEditorAssemblies (1ms)
				RefreshPlugins (1ms)
				BeforeProcessingInitializeOnLoad (100ms)
				ProcessInitializeOnLoadAttributes (278ms)
				ProcessInitializeOnLoadMethodAttributes (179ms)
				AfterProcessingInitializeOnLoad (10ms)
				EditorAssembliesLoaded (0ms)
			ExecutionOrderSort2 (0ms)
			AwakeInstancesAfterBackupRestoration (10ms)
Platform modules already initialized, skipping
Refreshing native plugins compatible for Editor in 5.65 ms, found 2 plugins.
Preloading 0 native plugins for Editor in 0.00 ms.
Unloading 2321 Unused Serialized files (Serialized files now loaded: 0)
Unloading 42 unused Assets / (22.0 KB). Loaded Objects now: 2817.
Memory consumption went from 93.8 MB to 93.8 MB.
Total: 8.253300 ms (FindLiveObjects: 0.220200 ms CreateObjectMapping: 0.071500 ms MarkObjects: 7.926200 ms  DeleteObjects: 0.034000 ms)

AssetImportParameters requested are different than current active one (requested -> active):
  custom:video-decoder-ogg-theora: a1e56fd34408186e4bbccfd4996cb3dc -> 
  custom:container-muxer-webm: aa71ff27fc2769a1b78a27578f13a17b -> 
  custom:container-demuxer-webm: 4f35f7cbe854078d1ac9338744f61a02 -> 
  custom:video-encoder-webm-vp8: eb34c28f22e8b96e1ab97ce403110664 -> 
  custom:video-codec-MediaFoundation-h265: 746d11721c4dcdbdad8f713fa42b33f4 -> 
  custom:audio-encoder-webm-vorbis: bf7c407c2cedff20999df2af8eb42d56 -> 
  custom:framework-win-MediaFoundation: 216162199b28c13a410421893ffa2e32 -> 
  custom:container-demuxer-ogg: 62fdf1f143b41e24485cea50d1cbac27 -> 
  custom:video-decoder-webm-vp8: 9c59270c3fd7afecdb556c50c9e8de78 -> 
  custom:audio-decoder-ogg-vorbis: bf7c407c2cedff20999df2af8eb42d56 -> 
========================================================================
Received Import Request.
  Time since last request: 201.827367 seconds.
  path: Assets/Scripts/GlassBrick.cs
  artifactKey: Guid(c9780f420e0109846b4f4dbeb4149e53) Importer(815301076,1909f56bfc062723c751e8b465ee728b)
Start importing Assets/Scripts/GlassBrick.cs using Guid(c9780f420e0109846b4f4dbeb4149e53) Importer(815301076,1909f56bfc062723c751e8b465ee728b)  -> (artifact id: '92c1978cbffeebecef369efd2c79368f') in 0.013992 seconds 
========================================================================
Received Prepare
Registering precompiled user dll's ...
Registered in 0.008742 seconds.
Begin MonoManager ReloadAssembly
Symbol file LoadedFromMemory is not a mono symbol file
Native extension for WindowsStandalone target not found
Refreshing native plugins compatible for Editor in 0.82 ms, found 2 plugins.
Preloading 0 native plugins for Editor in 0.00 ms.
Mono: successfully reloaded assembly
- Completed reload, in  1.551 seconds
Domain Reload Profiling:
	ReloadAssembly (1552ms)
		BeginReloadAssembly (205ms)
			ExecutionOrderSort (0ms)
			DisableScriptedObjects (11ms)
			BackupInstance (0ms)
			ReleaseScriptingObjects (0ms)
			CreateAndSetChildDomain (43ms)
		EndReloadAssembly (1196ms)
			LoadAssemblies (153ms)
			RebuildTransferFunctionScriptingTraits (0ms)
			SetupTypeCache (281ms)
			ReleaseScriptCaches (1ms)
			RebuildScriptCaches (76ms)
			SetupLoadedEditorAssemblies (630ms)
				LogAssemblyErrors (0ms)
				InitializePlatformSupportModulesInManaged (11ms)
				SetLoadedEditorAssemblies (1ms)
				RefreshPlugins (1ms)
				BeforeProcessingInitializeOnLoad (113ms)
				ProcessInitializeOnLoadAttributes (295ms)
				ProcessInitializeOnLoadMethodAttributes (196ms)
				AfterProcessingInitializeOnLoad (13ms)
				EditorAssembliesLoaded (0ms)
			ExecutionOrderSort2 (0ms)
			AwakeInstancesAfterBackupRestoration (12ms)
Platform modules already initialized, skipping
Refreshing native plugins compatible for Editor in 6.66 ms, found 2 plugins.
Preloading 0 native plugins for Editor in 0.00 ms.
Unloading 2320 Unused Serialized files (Serialized files now loaded: 0)
Unloading 42 unused Assets / (22.0 KB). Loaded Objects now: 2819.
Memory consumption went from 93.8 MB to 93.8 MB.
Total: 8.304300 ms (FindLiveObjects: 0.228600 ms CreateObjectMapping: 0.085400 ms MarkObjects: 7.951800 ms  DeleteObjects: 0.036600 ms)

AssetImportParameters requested are different than current active one (requested -> active):
  custom:video-decoder-ogg-theora: a1e56fd34408186e4bbccfd4996cb3dc -> 
  custom:container-muxer-webm: aa71ff27fc2769a1b78a27578f13a17b -> 
  custom:container-demuxer-webm: 4f35f7cbe854078d1ac9338744f61a02 -> 
  custom:video-encoder-webm-vp8: eb34c28f22e8b96e1ab97ce403110664 -> 
  custom:video-codec-MediaFoundation-h265: 746d11721c4dcdbdad8f713fa42b33f4 -> 
  custom:audio-encoder-webm-vorbis: bf7c407c2cedff20999df2af8eb42d56 -> 
  custom:framework-win-MediaFoundation: 216162199b28c13a410421893ffa2e32 -> 
  custom:container-demuxer-ogg: 62fdf1f143b41e24485cea50d1cbac27 -> 
  custom:video-decoder-webm-vp8: 9c59270c3fd7afecdb556c50c9e8de78 -> 
  custom:audio-decoder-ogg-vorbis: bf7c407c2cedff20999df2af8eb42d56 -> 
========================================================================
Received Prepare
Registering precompiled user dll's ...
Registered in 0.007614 seconds.
Begin MonoManager ReloadAssembly
Symbol file LoadedFromMemory is not a mono symbol file
Native extension for WindowsStandalone target not found
Refreshing native plugins compatible for Editor in 0.60 ms, found 2 plugins.
Preloading 0 native plugins for Editor in 0.00 ms.
Mono: successfully reloaded assembly
- Completed reload, in  1.130 seconds
Domain Reload Profiling:
	ReloadAssembly (1131ms)
		BeginReloadAssembly (168ms)
			ExecutionOrderSort (0ms)
			DisableScriptedObjects (10ms)
			BackupInstance (0ms)
			ReleaseScriptingObjects (0ms)
			CreateAndSetChildDomain (40ms)
		EndReloadAssembly (832ms)
			LoadAssemblies (113ms)
			RebuildTransferFunctionScriptingTraits (0ms)
			SetupTypeCache (199ms)
			ReleaseScriptCaches (1ms)
			RebuildScriptCaches (46ms)
			SetupLoadedEditorAssemblies (448ms)
				LogAssemblyErrors (0ms)
				InitializePlatformSupportModulesInManaged (7ms)
				SetLoadedEditorAssemblies (1ms)
				RefreshPlugins (1ms)
				BeforeProcessingInitializeOnLoad (74ms)
				ProcessInitializeOnLoadAttributes (212ms)
				ProcessInitializeOnLoadMethodAttributes (146ms)
				AfterProcessingInitializeOnLoad (8ms)
				EditorAssembliesLoaded (0ms)
			ExecutionOrderSort2 (0ms)
			AwakeInstancesAfterBackupRestoration (8ms)
Platform modules already initialized, skipping
Refreshing native plugins compatible for Editor in 5.53 ms, found 2 plugins.
Preloading 0 native plugins for Editor in 0.00 ms.
Unloading 2320 Unused Serialized files (Serialized files now loaded: 0)
Unloading 41 unused Assets / (21.9 KB). Loaded Objects now: 2822.
Memory consumption went from 93.8 MB to 93.8 MB.
Total: 7.571300 ms (FindLiveObjects: 0.216000 ms CreateObjectMapping: 0.077700 ms MarkObjects: 7.240200 ms  DeleteObjects: 0.035900 ms)

AssetImportParameters requested are different than current active one (requested -> active):
  custom:video-decoder-ogg-theora: a1e56fd34408186e4bbccfd4996cb3dc -> 
  custom:container-muxer-webm: aa71ff27fc2769a1b78a27578f13a17b -> 
  custom:container-demuxer-webm: 4f35f7cbe854078d1ac9338744f61a02 -> 
  custom:video-encoder-webm-vp8: eb34c28f22e8b96e1ab97ce403110664 -> 
  custom:video-codec-MediaFoundation-h265: 746d11721c4dcdbdad8f713fa42b33f4 -> 
  custom:audio-encoder-webm-vorbis: bf7c407c2cedff20999df2af8eb42d56 -> 
  custom:framework-win-MediaFoundation: 216162199b28c13a410421893ffa2e32 -> 
  custom:container-demuxer-ogg: 62fdf1f143b41e24485cea50d1cbac27 -> 
  custom:video-decoder-webm-vp8: 9c59270c3fd7afecdb556c50c9e8de78 -> 
  custom:audio-decoder-ogg-vorbis: bf7c407c2cedff20999df2af8eb42d56 -> 
========================================================================
Received Import Request.
  Time since last request: 109.982897 seconds.
  path: Assets/Prefabs/Glass.prefab
  artifactKey: Guid(4d3ddda3f6d88b441a433af90cb0c391) Importer(815301076,1909f56bfc062723c751e8b465ee728b)
Start importing Assets/Prefabs/Glass.prefab using Guid(4d3ddda3f6d88b441a433af90cb0c391) Importer(815301076,1909f56bfc062723c751e8b465ee728b)  -> (artifact id: '6a8e568c0e2dbee2b6b5866670b4b934') in 0.061898 seconds 
========================================================================
Received Import Request.
  Time since last request: 0.000020 seconds.
  path: Assets/Prefabs/Stone.prefab
  artifactKey: Guid(a20fb68da717030429ab7cf07ef69c70) Importer(815301076,1909f56bfc062723c751e8b465ee728b)
Start importing Assets/Prefabs/Stone.prefab using Guid(a20fb68da717030429ab7cf07ef69c70) Importer(815301076,1909f56bfc062723c751e8b465ee728b)  -> (artifact id: '68230843e1282c2d8c20a601430fad0b') in 0.012615 seconds 
========================================================================
Received Import Request.
  Time since last request: 16.868113 seconds.
  path: Assets/Prefabs/Glass.prefab
  artifactKey: Guid(4d3ddda3f6d88b441a433af90cb0c391) Importer(815301076,1909f56bfc062723c751e8b465ee728b)
Start importing Assets/Prefabs/Glass.prefab using Guid(4d3ddda3f6d88b441a433af90cb0c391) Importer(815301076,1909f56bfc062723c751e8b465ee728b)  -> (artifact id: 'ca1bb72dec034ec718af85e8a5ba80d6') in 0.012661 seconds 
========================================================================
Received Import Request.
  Time since last request: 5.198217 seconds.
  path: Assets/Prefabs/Glass.prefab
  artifactKey: Guid(4d3ddda3f6d88b441a433af90cb0c391) Importer(815301076,1909f56bfc062723c751e8b465ee728b)
Start importing Assets/Prefabs/Glass.prefab using Guid(4d3ddda3f6d88b441a433af90cb0c391) Importer(815301076,1909f56bfc062723c751e8b465ee728b)  -> (artifact id: 'fa1e23eeb02c9c41a74052a38ea1b00d') in 0.013366 seconds 
========================================================================
Received Import Request.
  Time since last request: 7.853815 seconds.
  path: Assets/Prefabs/Glass.prefab
  artifactKey: Guid(4d3ddda3f6d88b441a433af90cb0c391) Importer(815301076,1909f56bfc062723c751e8b465ee728b)
Start importing Assets/Prefabs/Glass.prefab using Guid(4d3ddda3f6d88b441a433af90cb0c391) Importer(815301076,1909f56bfc062723c751e8b465ee728b)  -> (artifact id: '6a335068cf39c5dac9ca68b951b5ccf3') in 0.010298 seconds 
========================================================================
Received Import Request.
  Time since last request: 2.412657 seconds.
  path: Assets/Prefabs/Glass.prefab
  artifactKey: Guid(4d3ddda3f6d88b441a433af90cb0c391) Importer(815301076,1909f56bfc062723c751e8b465ee728b)
Start importing Assets/Prefabs/Glass.prefab using Guid(4d3ddda3f6d88b441a433af90cb0c391) Importer(815301076,1909f56bfc062723c751e8b465ee728b)  -> (artifact id: '18f694360f34a9b29d808133cac3097d') in 0.011171 seconds 
========================================================================
Received Import Request.
  Time since last request: 10.655744 seconds.
  path: Assets/Prefabs/Stone.prefab
  artifactKey: Guid(a20fb68da717030429ab7cf07ef69c70) Importer(815301076,1909f56bfc062723c751e8b465ee728b)
Start importing Assets/Prefabs/Stone.prefab using Guid(a20fb68da717030429ab7cf07ef69c70) Importer(815301076,1909f56bfc062723c751e8b465ee728b)  -> (artifact id: 'ece0b3ce7604d4daa45c931754b4109e') in 0.011177 seconds 
========================================================================
Received Import Request.
  Time since last request: 3.029484 seconds.
  path: Assets/Prefabs/Stone.prefab
  artifactKey: Guid(a20fb68da717030429ab7cf07ef69c70) Importer(815301076,1909f56bfc062723c751e8b465ee728b)
Start importing Assets/Prefabs/Stone.prefab using Guid(a20fb68da717030429ab7cf07ef69c70) Importer(815301076,1909f56bfc062723c751e8b465ee728b)  -> (artifact id: '6ff1e334c7e7fd240560123ea128bcc8') in 0.011375 seconds 
========================================================================
Received Import Request.
  Time since last request: 3.835371 seconds.
  path: Assets/Prefabs/Stone.prefab
  artifactKey: Guid(a20fb68da717030429ab7cf07ef69c70) Importer(815301076,1909f56bfc062723c751e8b465ee728b)
Start importing Assets/Prefabs/Stone.prefab using Guid(a20fb68da717030429ab7cf07ef69c70) Importer(815301076,1909f56bfc062723c751e8b465ee728b)  -> (artifact id: 'c0e02710f2896b1ee81e9c8ac6109009') in 0.017756 seconds 
========================================================================
Received Import Request.
  Time since last request: 3.010398 seconds.
  path: Assets/Prefabs/Stone.prefab
  artifactKey: Guid(a20fb68da717030429ab7cf07ef69c70) Importer(815301076,1909f56bfc062723c751e8b465ee728b)
Start importing Assets/Prefabs/Stone.prefab using Guid(a20fb68da717030429ab7cf07ef69c70) Importer(815301076,1909f56bfc062723c751e8b465ee728b)  -> (artifact id: 'e4c5ca69060071df2b3fa5ce9cd5665e') in 0.011293 seconds 
========================================================================
Received Import Request.
  Time since last request: 152.985703 seconds.
  path: Assets/Sprites/TNT_Dynamite.png
  artifactKey: Guid(d5c8e6cac3af5084d89ea64036e74349) Importer(815301076,1909f56bfc062723c751e8b465ee728b)
Start importing Assets/Sprites/TNT_Dynamite.png using Guid(d5c8e6cac3af5084d89ea64036e74349) Importer(815301076,1909f56bfc062723c751e8b465ee728b)  -> (artifact id: 'de2d005039789e37749e3d7437767f9c') in 0.012889 seconds 
========================================================================
Received Import Request.
  Time since last request: 14.399887 seconds.
  path: Assets/Sprites/TNT_Dynamite.png
  artifactKey: Guid(d5c8e6cac3af5084d89ea64036e74349) Importer(815301076,1909f56bfc062723c751e8b465ee728b)
Start importing Assets/Sprites/TNT_Dynamite.png using Guid(d5c8e6cac3af5084d89ea64036e74349) Importer(815301076,1909f56bfc062723c751e8b465ee728b)  -> (artifact id: '4be82c226aefdbd62d5202482cbc5a89') in 0.003262 seconds 
========================================================================
Received Import Request.
  Time since last request: 65.970876 seconds.
  path: Assets/Sprites/TNT_Dynamite.svg
  artifactKey: Guid(9fb41ba943e32ec41b197f7640bb7a81) Importer(815301076,1909f56bfc062723c751e8b465ee728b)
Start importing Assets/Sprites/TNT_Dynamite.svg using Guid(9fb41ba943e32ec41b197f7640bb7a81) Importer(815301076,1909f56bfc062723c751e8b465ee728b)  -> (artifact id: 'dc34262a5bbff3fac7ba8143bb4f71f1') in 0.007159 seconds 
========================================================================
Received Import Request.
  Time since last request: 46.964299 seconds.
  path: Assets/Sprites/TNT.png
  artifactKey: Guid(16807dee9ffa96047bc502807fc28505) Importer(815301076,1909f56bfc062723c751e8b465ee728b)
Start importing Assets/Sprites/TNT.png using Guid(16807dee9ffa96047bc502807fc28505) Importer(815301076,1909f56bfc062723c751e8b465ee728b)  -> (artifact id: '3e3b07ee56cf60efa1131c381832274c') in 0.036210 seconds 
========================================================================
Received Import Request.
  Time since last request: 111.023969 seconds.
  path: Assets/Prefabs
  artifactKey: Guid(cd8843def24677f47a3d4c1212dad322) Importer(815301076,1909f56bfc062723c751e8b465ee728b)
Start importing Assets/Prefabs using Guid(cd8843def24677f47a3d4c1212dad322) Importer(815301076,1909f56bfc062723c751e8b465ee728b)  -> (artifact id: 'ef8055f3cc1b73cf6ca9c7b63cb12175') in 0.011248 seconds 
